# JRE version: Java(TM) SE Runtime Environment (8.0_45-b15) (build 1.8.0_45-b15)
# Java VM: Java HotSpot(TM) 64-Bit Server VM (25.45-b02 mixed mode windows-amd64 compressed oops)
Heap:
 PSYoungGen      total 986624K, used 931475K [0x000000076ab00000, 0x00000007be180000, 0x00000007c0000000)
  eden space 720384K, 100% used [0x000000076ab00000,0x0000000796a80000,0x0000000796a80000)
  from space 266240K, 79% used [0x0000000796a80000,0x00000007a38a4f20,0x00000007a6e80000)
  to   space 290304K, 32% used [0x00000007ac600000,0x00000007b217e538,0x00000007be180000)
 ParOldGen       total 1078784K, used 650457K [0x00000006c0000000, 0x0000000701d80000, 0x000000076ab00000)
  object space 1078784K, 60% used [0x00000006c0000000,0x00000006e7b36588,0x0000000701d80000)
 Metaspace       used 7384K, capacity 7832K, committed 7936K, reserved 1056768K
  class space    used 669K, capacity 720K, committed 768K, reserved 1048576K
GC Heap History (10 events):
Event: 22.519 GC heap after
Heap after GC invocations=18 (full 4):
 PSYoungGen      total 847360K, used 188979K [0x000000076ab00000, 0x00000007bd400000, 0x00000007c0000000)
  eden space 643072K, 0% used [0x000000076ab00000,0x000000076ab00000,0x0000000791f00000)
  from space 204288K, 92% used [0x00000007a4580000,0x00000007afe0cc98,0x00000007b0d00000)
  to   space 301568K, 0% used [0x0000000791f00000,0x0000000791f00000,0x00000007a4580000)
 ParOldGen       total 863232K, used 539659K [0x00000006c0000000, 0x00000006f4b00000, 0x000000076ab00000)
  object space 863232K, 62% used [0x00000006c0000000,0x00000006e0f02e18,0x00000006f4b00000)
 Metaspace       used 6591K, capacity 7320K, committed 7680K, reserved 1056768K
  class space    used 617K, capacity 656K, committed 768K, reserved 1048576K
}
Event: 24.144 GC heap before
{Heap before GC invocations=19 (full 4):
 PSYoungGen      total 847360K, used 832051K [0x000000076ab00000, 0x00000007bd400000, 0x00000007c0000000)
  eden space 643072K, 100% used [0x000000076ab00000,0x0000000791f00000,0x0000000791f00000)
  from space 204288K, 92% used [0x00000007a4580000,0x00000007afe0cc98,0x00000007b0d00000)
  to   space 301568K, 0% used [0x0000000791f00000,0x0000000791f00000,0x00000007a4580000)
 ParOldGen       total 863232K, used 539659K [0x00000006c0000000, 0x00000006f4b00000, 0x000000076ab00000)
  object space 863232K, 62% used [0x00000006c0000000,0x00000006e0f02e18,0x00000006f4b00000)
 Metaspace       used 6591K, capacity 7320K, committed 7680K, reserved 1056768K
  class space    used 617K, capacity 656K, committed 768K, reserved 1048576K
Event: 24.475 GC heap after
Heap after GC invocations=19 (full 4):
 PSYoungGen      total 944640K, used 89674K [0x000000076ab00000, 0x00000007ba900000, 0x00000007c0000000)
  eden space 643072K, 0% used [0x000000076ab00000,0x000000076ab00000,0x0000000791f00000)
  from space 301568K, 29% used [0x0000000791f00000,0x0000000797692aa8,0x00000007a4580000)
  to   space 283648K, 0% used [0x00000007a9400000,0x00000007a9400000,0x00000007ba900000)
 ParOldGen       total 863232K, used 717788K [0x00000006c0000000, 0x00000006f4b00000, 0x000000076ab00000)
  object space 863232K, 83% used [0x00000006c0000000,0x00000006ebcf7308,0x00000006f4b00000)
 Metaspace       used 6591K, capacity 7320K, committed 7680K, reserved 1056768K
  class space    used 617K, capacity 656K, committed 768K, reserved 1048576K
}
Event: 24.475 GC heap before
{Heap before GC invocations=20 (full 5):
 PSYoungGen      total 944640K, used 89674K [0x000000076ab00000, 0x00000007ba900000, 0x00000007c0000000)
  eden space 643072K, 0% used [0x000000076ab00000,0x000000076ab00000,0x0000000791f00000)
  from space 301568K, 29% used [0x0000000791f00000,0x0000000797692aa8,0x00000007a4580000)
  to   space 283648K, 0% used [0x00000007a9400000,0x00000007a9400000,0x00000007ba900000)
 ParOldGen       total 863232K, used 717788K [0x00000006c0000000, 0x00000006f4b00000, 0x000000076ab00000)
  object space 863232K, 83% used [0x00000006c0000000,0x00000006ebcf7308,0x00000006f4b00000)
 Metaspace       used 6591K, capacity 7320K, committed 7680K, reserved 1056768K
  class space    used 617K, capacity 656K, committed 768K, reserved 1048576K
Event: 26.129 GC heap after
Heap after GC invocations=20 (full 5):
 PSYoungGen      total 944640K, used 0K [0x000000076ab00000, 0x00000007ba900000, 0x00000007c0000000)
  eden space 643072K, 0% used [0x000000076ab00000,0x000000076ab00000,0x0000000791f00000)
  from space 301568K, 0% used [0x0000000791f00000,0x0000000791f00000,0x00000007a4580000)
  to   space 283648K, 0% used [0x00000007a9400000,0x00000007a9400000,0x00000007ba900000)
 ParOldGen       total 1078784K, used 650457K [0x00000006c0000000, 0x0000000701d80000, 0x000000076ab00000)
  object space 1078784K, 60% used [0x00000006c0000000,0x00000006e7b36588,0x0000000701d80000)
 Metaspace       used 6591K, capacity 7320K, committed 7680K, reserved 1056768K
  class space    used 617K, capacity 656K, committed 768K, reserved 1048576K
}
Event: 27.299 GC heap before
{Heap before GC invocations=21 (full 5):
 PSYoungGen      total 944640K, used 643072K [0x000000076ab00000, 0x00000007ba900000, 0x00000007c0000000)
  eden space 643072K, 100% used [0x000000076ab00000,0x0000000791f00000,0x0000000791f00000)
  from space 301568K, 0% used [0x0000000791f00000,0x0000000791f00000,0x00000007a4580000)
  to   space 283648K, 0% used [0x00000007a9400000,0x00000007a9400000,0x00000007ba900000)
 ParOldGen       total 1078784K, used 650457K [0x00000006c0000000, 0x0000000701d80000, 0x000000076ab00000)
  object space 1078784K, 60% used [0x00000006c0000000,0x00000006e7b36588,0x0000000701d80000)
 Metaspace       used 6592K, capacity 7320K, committed 7680K, reserved 1056768K
  class space    used 617K, capacity 656K, committed 768K, reserved 1048576K
Event: 27.387 GC heap after
Heap after GC invocations=21 (full 5):
 PSYoungGen      total 948224K, used 102362K [0x000000076ab00000, 0x00000007b7280000, 0x00000007c0000000)
  eden space 720384K, 0% used [0x000000076ab00000,0x000000076ab00000,0x0000000796a80000)
  from space 227840K, 44% used [0x00000007a9400000,0x00000007af7f6a00,0x00000007b7280000)
  to   space 266240K, 0% used [0x0000000796a80000,0x0000000796a80000,0x00000007a6e80000)
 ParOldGen       total 1078784K, used 650457K [0x00000006c0000000, 0x0000000701d80000, 0x000000076ab00000)
  object space 1078784K, 60% used [0x00000006c0000000,0x00000006e7b36588,0x0000000701d80000)
 Metaspace       used 6592K, capacity 7320K, committed 7680K, reserved 1056768K
  class space    used 617K, capacity 656K, committed 768K, reserved 1048576K
}
Event: 28.976 GC heap before
{Heap before GC invocations=22 (full 5):
 PSYoungGen      total 948224K, used 822746K [0x000000076ab00000, 0x00000007b7280000, 0x00000007c0000000)
  eden space 720384K, 100% used [0x000000076ab00000,0x0000000796a80000,0x0000000796a80000)
  from space 227840K, 44% used [0x00000007a9400000,0x00000007af7f6a00,0x00000007b7280000)
  to   space 266240K, 0% used [0x0000000796a80000,0x0000000796a80000,0x00000007a6e80000)
 ParOldGen       total 1078784K, used 650457K [0x00000006c0000000, 0x0000000701d80000, 0x000000076ab00000)
  object space 1078784K, 60% used [0x00000006c0000000,0x00000006e7b36588,0x0000000701d80000)
 Metaspace       used 6662K, capacity 7384K, committed 7680K, reserved 1056768K
  class space    used 621K, capacity 656K, committed 768K, reserved 1048576K
Event: 29.246 GC heap after
Heap after GC invocations=22 (full 5):
 PSYoungGen      total 986624K, used 211091K [0x000000076ab00000, 0x00000007be180000, 0x00000007c0000000)
  eden space 720384K, 0% used [0x000000076ab00000,0x000000076ab00000,0x0000000796a80000)
  from space 266240K, 79% used [0x0000000796a80000,0x00000007a38a4f20,0x00000007a6e80000)
  to   space 290304K, 0% used [0x00000007ac600000,0x00000007ac600000,0x00000007be180000)
 ParOldGen       total 1078784K, used 650457K [0x00000006c0000000, 0x0000000701d80000, 0x000000076ab00000)
  object space 1078784K, 60% used [0x00000006c0000000,0x00000006e7b36588,0x0000000701d80000)
 Metaspace       used 6662K, capacity 7384K, committed 7680K, reserved 1056768K
  class space    used 621K, capacity 656K, committed 768K, reserved 1048576K
}
Event: 32.689 GC heap before
{Heap before GC invocations=23 (full 5):
 PSYoungGen      total 986624K, used 931475K [0x000000076ab00000, 0x00000007be180000, 0x00000007c0000000)
  eden space 720384K, 100% used [0x000000076ab00000,0x0000000796a80000,0x0000000796a80000)
  from space 266240K, 79% used [0x0000000796a80000,0x00000007a38a4f20,0x00000007a6e80000)
  to   space 290304K, 0% used [0x00000007ac600000,0x00000007ac600000,0x00000007be180000)
 ParOldGen       total 1078784K, used 650457K [0x00000006c0000000, 0x0000000701d80000, 0x000000076ab00000)
  object space 1078784K, 60% used [0x00000006c0000000,0x00000006e7b36588,0x0000000701d80000)
 Metaspace       used 7384K, capacity 7832K, committed 7936K, reserved 1056768K
  class space    used 669K, capacity 720K, committed 768K, reserved 1048576K

