# JRE version: Java(TM) SE Runtime Environment (8.0_45-b15) (build 1.8.0_45-b15)
# Java VM: Java HotSpot(TM) 64-Bit Server VM (25.45-b02 mixed mode windows-amd64 compressed oops)
Heap:
 PSYoungGen      total 667136K, used 96249K [0x000000076ab00000, 0x000000079fc00000, 0x00000007c0000000)
  eden space 570880K, 0% used [0x000000076ab00000,0x000000076ab00000,0x000000078d880000)
  from space 96256K, 99% used [0x0000000795700000,0x000000079b4fe650,0x000000079b500000)
  to   space 129536K, 0% used [0x000000078d880000,0x000000078d880000,0x0000000795700000)
 ParOldGen       total 172544K, used 163649K [0x00000006c0000000, 0x00000006ca880000, 0x000000076ab00000)
  object space 172544K, 94% used [0x00000006c0000000,0x00000006c9fd04f0,0x00000006ca880000)
 Metaspace       used 6575K, capacity 7320K, committed 7680K, reserved 1056768K
  class space    used 615K, capacity 656K, committed 768K, reserved 1048576K
GC Heap History (10 events):
Event: 4.641 GC heap after
Heap after GC invocations=7 (full 0):
 PSYoungGen      total 289792K, used 30192K [0x000000076ab00000, 0x0000000790a00000, 0x00000007c0000000)
  eden space 259584K, 0% used [0x000000076ab00000,0x000000076ab00000,0x000000077a880000)
  from space 30208K, 99% used [0x000000077a880000,0x000000077c5fc018,0x000000077c600000)
  to   space 51200K, 0% used [0x000000078d800000,0x000000078d800000,0x0000000790a00000)
 ParOldGen       total 87552K, used 58748K [0x00000006c0000000, 0x00000006c5580000, 0x000000076ab00000)
  object space 87552K, 67% used [0x00000006c0000000,0x00000006c395f228,0x00000006c5580000)
 Metaspace       used 6510K, capacity 7320K, committed 7680K, reserved 1056768K
  class space    used 615K, capacity 656K, committed 768K, reserved 1048576K
}
Event: 5.851 GC heap before
{Heap before GC invocations=8 (full 0):
 PSYoungGen      total 289792K, used 289776K [0x000000076ab00000, 0x0000000790a00000, 0x00000007c0000000)
  eden space 259584K, 100% used [0x000000076ab00000,0x000000077a880000,0x000000077a880000)
  from space 30208K, 99% used [0x000000077a880000,0x000000077c5fc018,0x000000077c600000)
  to   space 51200K, 0% used [0x000000078d800000,0x000000078d800000,0x0000000790a00000)
 ParOldGen       total 87552K, used 58748K [0x00000006c0000000, 0x00000006c5580000, 0x000000076ab00000)
  object space 87552K, 67% used [0x00000006c0000000,0x00000006c395f228,0x00000006c5580000)
 Metaspace       used 6535K, capacity 7320K, committed 7680K, reserved 1056768K
  class space    used 615K, capacity 656K, committed 768K, reserved 1048576K
Event: 5.985 GC heap after
Heap after GC invocations=8 (full 0):
 PSYoungGen      total 551424K, used 51194K [0x000000076ab00000, 0x0000000792f00000, 0x00000007c0000000)
  eden space 500224K, 0% used [0x000000076ab00000,0x000000076ab00000,0x0000000789380000)
  from space 51200K, 99% used [0x000000078d800000,0x00000007909fe830,0x0000000790a00000)
  to   space 70144K, 0% used [0x0000000789380000,0x0000000789380000,0x000000078d800000)
 ParOldGen       total 87552K, used 78413K [0x00000006c0000000, 0x00000006c5580000, 0x000000076ab00000)
  object space 87552K, 89% used [0x00000006c0000000,0x00000006c4c93510,0x00000006c5580000)
 Metaspace       used 6535K, capacity 7320K, committed 7680K, reserved 1056768K
  class space    used 615K, capacity 656K, committed 768K, reserved 1048576K
}
Event: 5.985 GC heap before
{Heap before GC invocations=9 (full 1):
 PSYoungGen      total 551424K, used 51194K [0x000000076ab00000, 0x0000000792f00000, 0x00000007c0000000)
  eden space 500224K, 0% used [0x000000076ab00000,0x000000076ab00000,0x0000000789380000)
  from space 51200K, 99% used [0x000000078d800000,0x00000007909fe830,0x0000000790a00000)
  to   space 70144K, 0% used [0x0000000789380000,0x0000000789380000,0x000000078d800000)
 ParOldGen       total 87552K, used 78413K [0x00000006c0000000, 0x00000006c5580000, 0x000000076ab00000)
  object space 87552K, 89% used [0x00000006c0000000,0x00000006c4c93510,0x00000006c5580000)
 Metaspace       used 6535K, capacity 7320K, committed 7680K, reserved 1056768K
  class space    used 615K, capacity 656K, committed 768K, reserved 1048576K
Event: 6.751 GC heap after
Heap after GC invocations=9 (full 1):
 PSYoungGen      total 551424K, used 37194K [0x000000076ab00000, 0x0000000792f00000, 0x00000007c0000000)
  eden space 500224K, 0% used [0x000000076ab00000,0x000000076ab00000,0x0000000789380000)
  from space 51200K, 72% used [0x000000078d800000,0x000000078fc52968,0x0000000790a00000)
  to   space 70144K, 0% used [0x0000000789380000,0x0000000789380000,0x000000078d800000)
 ParOldGen       total 172544K, used 87509K [0x00000006c0000000, 0x00000006ca880000, 0x000000076ab00000)
  object space 172544K, 50% used [0x00000006c0000000,0x00000006c55755a8,0x00000006ca880000)
 Metaspace       used 6535K, capacity 7320K, committed 7680K, reserved 1056768K
  class space    used 615K, capacity 656K, committed 768K, reserved 1048576K
}
Event: 8.554 GC heap before
{Heap before GC invocations=10 (full 1):
 PSYoungGen      total 551424K, used 537418K [0x000000076ab00000, 0x0000000792f00000, 0x00000007c0000000)
  eden space 500224K, 100% used [0x000000076ab00000,0x0000000789380000,0x0000000789380000)
  from space 51200K, 72% used [0x000000078d800000,0x000000078fc52968,0x0000000790a00000)
  to   space 70144K, 0% used [0x0000000789380000,0x0000000789380000,0x000000078d800000)
 ParOldGen       total 172544K, used 87509K [0x00000006c0000000, 0x00000006ca880000, 0x000000076ab00000)
  object space 172544K, 50% used [0x00000006c0000000,0x00000006c55755a8,0x00000006ca880000)
 Metaspace       used 6551K, capacity 7320K, committed 7680K, reserved 1056768K
  class space    used 615K, capacity 656K, committed 768K, reserved 1048576K
Event: 8.690 GC heap after
Heap after GC invocations=10 (full 1):
 PSYoungGen      total 570368K, used 70139K [0x000000076ab00000, 0x000000079b500000, 0x00000007c0000000)
  eden space 500224K, 0% used [0x000000076ab00000,0x000000076ab00000,0x0000000789380000)
  from space 70144K, 99% used [0x0000000789380000,0x000000078d7fef50,0x000000078d800000)
  to   space 96256K, 0% used [0x0000000795700000,0x0000000795700000,0x000000079b500000)
 ParOldGen       total 172544K, used 119607K [0x00000006c0000000, 0x00000006ca880000, 0x000000076ab00000)
  object space 172544K, 69% used [0x00000006c0000000,0x00000006c74cde78,0x00000006ca880000)
 Metaspace       used 6551K, capacity 7320K, committed 7680K, reserved 1056768K
  class space    used 615K, capacity 656K, committed 768K, reserved 1048576K
}
Event: 10.579 GC heap before
{Heap before GC invocations=11 (full 1):
 PSYoungGen      total 570368K, used 570363K [0x000000076ab00000, 0x000000079b500000, 0x00000007c0000000)
  eden space 500224K, 100% used [0x000000076ab00000,0x0000000789380000,0x0000000789380000)
  from space 70144K, 99% used [0x0000000789380000,0x000000078d7fef50,0x000000078d800000)
  to   space 96256K, 0% used [0x0000000795700000,0x0000000795700000,0x000000079b500000)
 ParOldGen       total 172544K, used 119607K [0x00000006c0000000, 0x00000006ca880000, 0x000000076ab00000)
  object space 172544K, 69% used [0x00000006c0000000,0x00000006c74cde78,0x00000006ca880000)
 Metaspace       used 6575K, capacity 7320K, committed 7680K, reserved 1056768K
  class space    used 615K, capacity 656K, committed 768K, reserved 1048576K
Event: 10.746 GC heap after
Heap after GC invocations=11 (full 1):
 PSYoungGen      total 667136K, used 96249K [0x000000076ab00000, 0x000000079fc00000, 0x00000007c0000000)
  eden space 570880K, 0% used [0x000000076ab00000,0x000000076ab00000,0x000000078d880000)
  from space 96256K, 99% used [0x0000000795700000,0x000000079b4fe650,0x000000079b500000)
  to   space 129536K, 0% used [0x000000078d880000,0x000000078d880000,0x0000000795700000)
 ParOldGen       total 172544K, used 163649K [0x00000006c0000000, 0x00000006ca880000, 0x000000076ab00000)
  object space 172544K, 94% used [0x00000006c0000000,0x00000006c9fd04f0,0x00000006ca880000)
 Metaspace       used 6575K, capacity 7320K, committed 7680K, reserved 1056768K
  class space    used 615K, capacity 656K, committed 768K, reserved 1048576K
}
Event: 10.746 GC heap before
{Heap before GC invocations=12 (full 2):
 PSYoungGen      total 667136K, used 96249K [0x000000076ab00000, 0x000000079fc00000, 0x00000007c0000000)
  eden space 570880K, 0% used [0x000000076ab00000,0x000000076ab00000,0x000000078d880000)
  from space 96256K, 99% used [0x0000000795700000,0x000000079b4fe650,0x000000079b500000)
  to   space 129536K, 0% used [0x000000078d880000,0x000000078d880000,0x0000000795700000)
 ParOldGen       total 172544K, used 163649K [0x00000006c0000000, 0x00000006ca880000, 0x000000076ab00000)
  object space 172544K, 94% used [0x00000006c0000000,0x00000006c9fd04f0,0x00000006ca880000)
 Metaspace       used 6575K, capacity 7320K, committed 7680K, reserved 1056768K
  class space    used 615K, capacity 656K, committed 768K, reserved 1048576K

