# JRE version: Java(TM) SE Runtime Environment (8.0_45-b15) (build 1.8.0_45-b15)
# Java VM: Java HotSpot(TM) 64-Bit Server VM (25.45-b02 mixed mode windows-amd64 compressed oops)
Heap:
 PSYoungGen      total 1013248K, used 895758K [0x000000076ab00000, 0x00000007b8400000, 0x00000007c0000000)
  eden space 757760K, 100% used [0x000000076ab00000,0x0000000798f00000,0x0000000798f00000)
  from space 255488K, 54% used [0x00000007a8a80000,0x00000007b1143a28,0x00000007b8400000)
  to   space 256512K, 94% used [0x0000000798f00000,0x00000007a7bc4440,0x00000007a8980000)
 ParOldGen       total 820736K, used 594810K [0x00000006c0000000, 0x00000006f2180000, 0x000000076ab00000)
  object space 820736K, 72% used [0x00000006c0000000,0x00000006e44de910,0x00000006f2180000)
 Metaspace       used 6670K, capacity 7384K, committed 7680K, reserved 1056768K
  class space    used 621K, capacity 656K, committed 768K, reserved 1048576K
GC Heap History (10 events):
Event: 19.271 GC heap after
Heap after GC invocations=16 (full 3):
 PSYoungGen      total 783872K, used 95442K [0x000000076ab00000, 0x00000007ab800000, 0x00000007c0000000)
  eden space 610304K, 0% used [0x000000076ab00000,0x000000076ab00000,0x000000078ff00000)
  from space 173568K, 54% used [0x000000078ff00000,0x0000000795c34a18,0x000000079a880000)
  to   space 175104K, 0% used [0x00000007a0d00000,0x00000007a0d00000,0x00000007ab800000)
 ParOldGen       total 524800K, used 417419K [0x00000006c0000000, 0x00000006e0080000, 0x000000076ab00000)
  object space 524800K, 79% used [0x00000006c0000000,0x00000006d97a2fa8,0x00000006e0080000)
 Metaspace       used 6601K, capacity 7320K, committed 7680K, reserved 1056768K
  class space    used 617K, capacity 656K, committed 768K, reserved 1048576K
}
Event: 21.962 GC heap before
{Heap before GC invocations=17 (full 3):
 PSYoungGen      total 783872K, used 705746K [0x000000076ab00000, 0x00000007ab800000, 0x00000007c0000000)
  eden space 610304K, 100% used [0x000000076ab00000,0x000000078ff00000,0x000000078ff00000)
  from space 173568K, 54% used [0x000000078ff00000,0x0000000795c34a18,0x000000079a880000)
  to   space 175104K, 0% used [0x00000007a0d00000,0x00000007a0d00000,0x00000007ab800000)
 ParOldGen       total 524800K, used 417419K [0x00000006c0000000, 0x00000006e0080000, 0x000000076ab00000)
  object space 524800K, 79% used [0x00000006c0000000,0x00000006d97a2fa8,0x00000006e0080000)
 Metaspace       used 6602K, capacity 7320K, committed 7680K, reserved 1056768K
  class space    used 617K, capacity 656K, committed 768K, reserved 1048576K
Event: 22.323 GC heap after
Heap after GC invocations=17 (full 3):
 PSYoungGen      total 837120K, used 175097K [0x000000076ab00000, 0x00000007b1b80000, 0x00000007c0000000)
  eden space 662016K, 0% used [0x000000076ab00000,0x000000076ab00000,0x0000000793180000)
  from space 175104K, 99% used [0x00000007a0d00000,0x00000007ab7fe510,0x00000007ab800000)
  to   space 224768K, 0% used [0x0000000793180000,0x0000000793180000,0x00000007a0d00000)
 ParOldGen       total 524800K, used 470722K [0x00000006c0000000, 0x00000006e0080000, 0x000000076ab00000)
  object space 524800K, 89% used [0x00000006c0000000,0x00000006dcbb09d8,0x00000006e0080000)
 Metaspace       used 6602K, capacity 7320K, committed 7680K, reserved 1056768K
  class space    used 617K, capacity 656K, committed 768K, reserved 1048576K
}
Event: 22.323 GC heap before
{Heap before GC invocations=18 (full 4):
 PSYoungGen      total 837120K, used 175097K [0x000000076ab00000, 0x00000007b1b80000, 0x00000007c0000000)
  eden space 662016K, 0% used [0x000000076ab00000,0x000000076ab00000,0x0000000793180000)
  from space 175104K, 99% used [0x00000007a0d00000,0x00000007ab7fe510,0x00000007ab800000)
  to   space 224768K, 0% used [0x0000000793180000,0x0000000793180000,0x00000007a0d00000)
 ParOldGen       total 524800K, used 470722K [0x00000006c0000000, 0x00000006e0080000, 0x000000076ab00000)
  object space 524800K, 89% used [0x00000006c0000000,0x00000006dcbb09d8,0x00000006e0080000)
 Metaspace       used 6602K, capacity 7320K, committed 7680K, reserved 1056768K
  class space    used 617K, capacity 656K, committed 768K, reserved 1048576K
Event: 25.374 GC heap after
Heap after GC invocations=18 (full 4):
 PSYoungGen      total 837120K, used 115340K [0x000000076ab00000, 0x00000007b1b80000, 0x00000007c0000000)
  eden space 662016K, 0% used [0x000000076ab00000,0x000000076ab00000,0x0000000793180000)
  from space 175104K, 65% used [0x00000007a0d00000,0x00000007a7da3078,0x00000007ab800000)
  to   space 224768K, 0% used [0x0000000793180000,0x0000000793180000,0x00000007a0d00000)
 ParOldGen       total 820736K, used 524355K [0x00000006c0000000, 0x00000006f2180000, 0x000000076ab00000)
  object space 820736K, 63% used [0x00000006c0000000,0x00000006e0010f40,0x00000006f2180000)
 Metaspace       used 6602K, capacity 7320K, committed 7680K, reserved 1056768K
  class space    used 617K, capacity 656K, committed 768K, reserved 1048576K
}
Event: 27.313 GC heap before
{Heap before GC invocations=19 (full 4):
 PSYoungGen      total 837120K, used 777356K [0x000000076ab00000, 0x00000007b1b80000, 0x00000007c0000000)
  eden space 662016K, 100% used [0x000000076ab00000,0x0000000793180000,0x0000000793180000)
  from space 175104K, 65% used [0x00000007a0d00000,0x00000007a7da3078,0x00000007ab800000)
  to   space 224768K, 0% used [0x0000000793180000,0x0000000793180000,0x00000007a0d00000)
 ParOldGen       total 820736K, used 524355K [0x00000006c0000000, 0x00000006f2180000, 0x000000076ab00000)
  object space 820736K, 63% used [0x00000006c0000000,0x00000006e0010f40,0x00000006f2180000)
 Metaspace       used 6602K, capacity 7320K, committed 7680K, reserved 1056768K
  class space    used 617K, capacity 656K, committed 768K, reserved 1048576K
Event: 27.609 GC heap after
Heap after GC invocations=19 (full 4):
 PSYoungGen      total 886784K, used 204460K [0x000000076ab00000, 0x00000007b8500000, 0x00000007c0000000)
  eden space 662016K, 0% used [0x000000076ab00000,0x000000076ab00000,0x0000000793180000)
  from space 224768K, 90% used [0x0000000793180000,0x000000079f92b248,0x00000007a0d00000)
  to   space 256512K, 0% used [0x00000007a8a80000,0x00000007a8a80000,0x00000007b8500000)
 ParOldGen       total 820736K, used 594810K [0x00000006c0000000, 0x00000006f2180000, 0x000000076ab00000)
  object space 820736K, 72% used [0x00000006c0000000,0x00000006e44de910,0x00000006f2180000)
 Metaspace       used 6602K, capacity 7320K, committed 7680K, reserved 1056768K
  class space    used 617K, capacity 656K, committed 768K, reserved 1048576K
}
Event: 29.141 GC heap before
{Heap before GC invocations=20 (full 4):
 PSYoungGen      total 886784K, used 866476K [0x000000076ab00000, 0x00000007b8500000, 0x00000007c0000000)
  eden space 662016K, 100% used [0x000000076ab00000,0x0000000793180000,0x0000000793180000)
  from space 224768K, 90% used [0x0000000793180000,0x000000079f92b248,0x00000007a0d00000)
  to   space 256512K, 0% used [0x00000007a8a80000,0x00000007a8a80000,0x00000007b8500000)
 ParOldGen       total 820736K, used 594810K [0x00000006c0000000, 0x00000006f2180000, 0x000000076ab00000)
  object space 820736K, 72% used [0x00000006c0000000,0x00000006e44de910,0x00000006f2180000)
 Metaspace       used 6603K, capacity 7320K, committed 7680K, reserved 1056768K
  class space    used 617K, capacity 656K, committed 768K, reserved 1048576K
Event: 29.290 GC heap after
Heap after GC invocations=20 (full 4):
 PSYoungGen      total 1013248K, used 137998K [0x000000076ab00000, 0x00000007b8400000, 0x00000007c0000000)
  eden space 757760K, 0% used [0x000000076ab00000,0x000000076ab00000,0x0000000798f00000)
  from space 255488K, 54% used [0x00000007a8a80000,0x00000007b1143a28,0x00000007b8400000)
  to   space 256512K, 0% used [0x0000000798f00000,0x0000000798f00000,0x00000007a8980000)
 ParOldGen       total 820736K, used 594810K [0x00000006c0000000, 0x00000006f2180000, 0x000000076ab00000)
  object space 820736K, 72% used [0x00000006c0000000,0x00000006e44de910,0x00000006f2180000)
 Metaspace       used 6603K, capacity 7320K, committed 7680K, reserved 1056768K
  class space    used 617K, capacity 656K, committed 768K, reserved 1048576K
}
Event: 31.158 GC heap before
{Heap before GC invocations=21 (full 4):
 PSYoungGen      total 1013248K, used 895758K [0x000000076ab00000, 0x00000007b8400000, 0x00000007c0000000)
  eden space 757760K, 100% used [0x000000076ab00000,0x0000000798f00000,0x0000000798f00000)
  from space 255488K, 54% used [0x00000007a8a80000,0x00000007b1143a28,0x00000007b8400000)
  to   space 256512K, 0% used [0x0000000798f00000,0x0000000798f00000,0x00000007a8980000)
 ParOldGen       total 820736K, used 594810K [0x00000006c0000000, 0x00000006f2180000, 0x000000076ab00000)
  object space 820736K, 72% used [0x00000006c0000000,0x00000006e44de910,0x00000006f2180000)
 Metaspace       used 6670K, capacity 7384K, committed 7680K, reserved 1056768K
  class space    used 621K, capacity 656K, committed 768K, reserved 1048576K

