# JRE version: Java(TM) SE Runtime Environment (8.0_45-b15) (build 1.8.0_45-b15)
# Java VM: Java HotSpot(TM) 64-Bit Server VM (25.45-b02 mixed mode windows-amd64 compressed oops)
Heap:
 PSYoungGen      total 868864K, used 204797K [0x000000076ab00000, 0x00000007bd980000, 0x00000007c0000000)
  eden space 664064K, 0% used [0x000000076ab00000,0x000000076ab00000,0x0000000793380000)
  from space 204800K, 99% used [0x00000007a5480000,0x00000007b1c7f7a0,0x00000007b1c80000)
  to   space 295936K, 0% used [0x0000000793380000,0x0000000793380000,0x00000007a5480000)
 ParOldGen       total 522752K, used 522534K [0x00000006c0000000, 0x00000006dfe80000, 0x000000076ab00000)
  object space 522752K, 99% used [0x00000006c0000000,0x00000006dfe49880,0x00000006dfe80000)
 Metaspace       used 6602K, capacity 7320K, committed 7680K, reserved 1056768K
  class space    used 617K, capacity 656K, committed 768K, reserved 1048576K
GC Heap History (10 events):
Event: 14.999 GC heap after
Heap after GC invocations=13 (full 2):
 PSYoungGen      total 702976K, used 89948K [0x000000076ab00000, 0x00000007a4900000, 0x00000007c0000000)
  eden space 574464K, 0% used [0x000000076ab00000,0x000000076ab00000,0x000000078dc00000)
  from space 128512K, 69% used [0x000000078dc00000,0x00000007933d72b0,0x0000000795980000)
  to   space 137216K, 0% used [0x000000079c300000,0x000000079c300000,0x00000007a4900000)
 ParOldGen       total 307712K, used 249893K [0x00000006c0000000, 0x00000006d2c80000, 0x000000076ab00000)
  object space 307712K, 81% used [0x00000006c0000000,0x00000006cf409608,0x00000006d2c80000)
 Metaspace       used 6586K, capacity 7320K, committed 7680K, reserved 1056768K
  class space    used 615K, capacity 656K, committed 768K, reserved 1048576K
}
Event: 14.999 GC heap before
{Heap before GC invocations=14 (full 3):
 PSYoungGen      total 702976K, used 89948K [0x000000076ab00000, 0x00000007a4900000, 0x00000007c0000000)
  eden space 574464K, 0% used [0x000000076ab00000,0x000000076ab00000,0x000000078dc00000)
  from space 128512K, 69% used [0x000000078dc00000,0x00000007933d72b0,0x0000000795980000)
  to   space 137216K, 0% used [0x000000079c300000,0x000000079c300000,0x00000007a4900000)
 ParOldGen       total 307712K, used 249893K [0x00000006c0000000, 0x00000006d2c80000, 0x000000076ab00000)
  object space 307712K, 81% used [0x00000006c0000000,0x00000006cf409608,0x00000006d2c80000)
 Metaspace       used 6586K, capacity 7320K, committed 7680K, reserved 1056768K
  class space    used 615K, capacity 656K, committed 768K, reserved 1048576K
Event: 16.713 GC heap after
Heap after GC invocations=14 (full 3):
 PSYoungGen      total 702976K, used 27702K [0x000000076ab00000, 0x00000007a4900000, 0x00000007c0000000)
  eden space 574464K, 0% used [0x000000076ab00000,0x000000076ab00000,0x000000078dc00000)
  from space 128512K, 21% used [0x000000078dc00000,0x000000078f70d850,0x0000000795980000)
  to   space 137216K, 0% used [0x000000079c300000,0x000000079c300000,0x00000007a4900000)
 ParOldGen       total 506880K, used 307328K [0x00000006c0000000, 0x00000006def00000, 0x000000076ab00000)
  object space 506880K, 60% used [0x00000006c0000000,0x00000006d2c20320,0x00000006def00000)
 Metaspace       used 6586K, capacity 7320K, committed 7680K, reserved 1056768K
  class space    used 615K, capacity 656K, committed 768K, reserved 1048576K
}
Event: 18.725 GC heap before
{Heap before GC invocations=15 (full 3):
 PSYoungGen      total 702976K, used 602166K [0x000000076ab00000, 0x00000007a4900000, 0x00000007c0000000)
  eden space 574464K, 100% used [0x000000076ab00000,0x000000078dc00000,0x000000078dc00000)
  from space 128512K, 21% used [0x000000078dc00000,0x000000078f70d850,0x0000000795980000)
  to   space 137216K, 0% used [0x000000079c300000,0x000000079c300000,0x00000007a4900000)
 ParOldGen       total 506880K, used 307328K [0x00000006c0000000, 0x00000006def00000, 0x000000076ab00000)
  object space 506880K, 60% used [0x00000006c0000000,0x00000006d2c20320,0x00000006def00000)
 Metaspace       used 6592K, capacity 7320K, committed 7680K, reserved 1056768K
  class space    used 616K, capacity 656K, committed 768K, reserved 1048576K
Event: 18.972 GC heap after
Heap after GC invocations=15 (full 3):
 PSYoungGen      total 793088K, used 117527K [0x000000076ab00000, 0x00000007a5880000, 0x00000007c0000000)
  eden space 655872K, 0% used [0x000000076ab00000,0x000000076ab00000,0x0000000792b80000)
  from space 137216K, 85% used [0x000000079c300000,0x00000007a35c5ea8,0x00000007a4900000)
  to   space 154112K, 0% used [0x0000000792b80000,0x0000000792b80000,0x000000079c200000)
 ParOldGen       total 506880K, used 307328K [0x00000006c0000000, 0x00000006def00000, 0x000000076ab00000)
  object space 506880K, 60% used [0x00000006c0000000,0x00000006d2c20320,0x00000006def00000)
 Metaspace       used 6592K, capacity 7320K, committed 7680K, reserved 1056768K
  class space    used 616K, capacity 656K, committed 768K, reserved 1048576K
}
Event: 20.777 GC heap before
{Heap before GC invocations=16 (full 3):
 PSYoungGen      total 793088K, used 773399K [0x000000076ab00000, 0x00000007a5880000, 0x00000007c0000000)
  eden space 655872K, 100% used [0x000000076ab00000,0x0000000792b80000,0x0000000792b80000)
  from space 137216K, 85% used [0x000000079c300000,0x00000007a35c5ea8,0x00000007a4900000)
  to   space 154112K, 0% used [0x0000000792b80000,0x0000000792b80000,0x000000079c200000)
 ParOldGen       total 506880K, used 307328K [0x00000006c0000000, 0x00000006def00000, 0x000000076ab00000)
  object space 506880K, 60% used [0x00000006c0000000,0x00000006d2c20320,0x00000006def00000)
 Metaspace       used 6602K, capacity 7320K, committed 7680K, reserved 1056768K
  class space    used 617K, capacity 656K, committed 768K, reserved 1048576K
Event: 21.028 GC heap after
Heap after GC invocations=16 (full 3):
 PSYoungGen      total 809984K, used 154106K [0x000000076ab00000, 0x00000007b1c80000, 0x00000007c0000000)
  eden space 655872K, 0% used [0x000000076ab00000,0x000000076ab00000,0x0000000792b80000)
  from space 154112K, 99% used [0x0000000792b80000,0x000000079c1fe898,0x000000079c200000)
  to   space 204800K, 0% used [0x00000007a5480000,0x00000007a5480000,0x00000007b1c80000)
 ParOldGen       total 506880K, used 373188K [0x00000006c0000000, 0x00000006def00000, 0x000000076ab00000)
  object space 506880K, 73% used [0x00000006c0000000,0x00000006d6c71170,0x00000006def00000)
 Metaspace       used 6602K, capacity 7320K, committed 7680K, reserved 1056768K
  class space    used 617K, capacity 656K, committed 768K, reserved 1048576K
}
Event: 23.077 GC heap before
{Heap before GC invocations=17 (full 3):
 PSYoungGen      total 809984K, used 809978K [0x000000076ab00000, 0x00000007b1c80000, 0x00000007c0000000)
  eden space 655872K, 100% used [0x000000076ab00000,0x0000000792b80000,0x0000000792b80000)
  from space 154112K, 99% used [0x0000000792b80000,0x000000079c1fe898,0x000000079c200000)
  to   space 204800K, 0% used [0x00000007a5480000,0x00000007a5480000,0x00000007b1c80000)
 ParOldGen       total 506880K, used 373188K [0x00000006c0000000, 0x00000006def00000, 0x000000076ab00000)
  object space 506880K, 73% used [0x00000006c0000000,0x00000006d6c71170,0x00000006def00000)
 Metaspace       used 6602K, capacity 7320K, committed 7680K, reserved 1056768K
  class space    used 617K, capacity 656K, committed 768K, reserved 1048576K
Event: 23.472 GC heap after
Heap after GC invocations=17 (full 3):
 PSYoungGen      total 868864K, used 204797K [0x000000076ab00000, 0x00000007bd980000, 0x00000007c0000000)
  eden space 664064K, 0% used [0x000000076ab00000,0x000000076ab00000,0x0000000793380000)
  from space 204800K, 99% used [0x00000007a5480000,0x00000007b1c7f7a0,0x00000007b1c80000)
  to   space 295936K, 0% used [0x0000000793380000,0x0000000793380000,0x00000007a5480000)
 ParOldGen       total 522752K, used 522534K [0x00000006c0000000, 0x00000006dfe80000, 0x000000076ab00000)
  object space 522752K, 99% used [0x00000006c0000000,0x00000006dfe49880,0x00000006dfe80000)
 Metaspace       used 6602K, capacity 7320K, committed 7680K, reserved 1056768K
  class space    used 617K, capacity 656K, committed 768K, reserved 1048576K
}
Event: 23.472 GC heap before
{Heap before GC invocations=18 (full 4):
 PSYoungGen      total 868864K, used 204797K [0x000000076ab00000, 0x00000007bd980000, 0x00000007c0000000)
  eden space 664064K, 0% used [0x000000076ab00000,0x000000076ab00000,0x0000000793380000)
  from space 204800K, 99% used [0x00000007a5480000,0x00000007b1c7f7a0,0x00000007b1c80000)
  to   space 295936K, 0% used [0x0000000793380000,0x0000000793380000,0x00000007a5480000)
 ParOldGen       total 522752K, used 522534K [0x00000006c0000000, 0x00000006dfe80000, 0x000000076ab00000)
  object space 522752K, 99% used [0x00000006c0000000,0x00000006dfe49880,0x00000006dfe80000)
 Metaspace       used 6602K, capacity 7320K, committed 7680K, reserved 1056768K
  class space    used 617K, capacity 656K, committed 768K, reserved 1048576K

