# JRE version: Java(TM) SE Runtime Environment (8.0_45-b15) (build 1.8.0_45-b15)
# Java VM: Java HotSpot(TM) 64-Bit Server VM (25.45-b02 mixed mode windows-amd64 compressed oops)
Heap:
 PSYoungGen      total 859136K, used 848051K [0x000000076ab00000, 0x00000007c0000000, 0x00000007c0000000)
  eden space 661504K, 100% used [0x000000076ab00000,0x0000000793100000,0x0000000793100000)
  from space 197632K, 94% used [0x00000007a5a80000,0x00000007b10acd68,0x00000007b1b80000)
  to   space 304640K, 62% used [0x0000000793100000,0x000000079ea4c060,0x00000007a5a80000)
 ParOldGen       total 886784K, used 745388K [0x00000006c0000000, 0x00000006f6200000, 0x000000076ab00000)
  object space 886784K, 84% used [0x00000006c0000000,0x00000006ed7eb340,0x00000006f6200000)
 Metaspace       used 6596K, capacity 7320K, committed 7680K, reserved 1056768K
  class space    used 617K, capacity 656K, committed 768K, reserved 1048576K
GC Heap History (10 events):
Event: 16.640 GC heap after
Heap after GC invocations=14 (full 3):
 PSYoungGen      total 706560K, used 23181K [0x000000076ab00000, 0x00000007a5600000, 0x00000007c0000000)
  eden space 579072K, 0% used [0x000000076ab00000,0x000000076ab00000,0x000000078e080000)
  from space 127488K, 18% used [0x000000078e080000,0x000000078f7237f0,0x0000000795d00000)
  to   space 135680K, 0% used [0x000000079d180000,0x000000079d180000,0x00000007a5600000)
 ParOldGen       total 507904K, used 309398K [0x00000006c0000000, 0x00000006df000000, 0x000000076ab00000)
  object space 507904K, 60% used [0x00000006c0000000,0x00000006d2e259b0,0x00000006df000000)
 Metaspace       used 6578K, capacity 7320K, committed 7680K, reserved 1056768K
  class space    used 615K, capacity 656K, committed 768K, reserved 1048576K
}
Event: 18.944 GC heap before
{Heap before GC invocations=15 (full 3):
 PSYoungGen      total 706560K, used 602253K [0x000000076ab00000, 0x00000007a5600000, 0x00000007c0000000)
  eden space 579072K, 100% used [0x000000076ab00000,0x000000078e080000,0x000000078e080000)
  from space 127488K, 18% used [0x000000078e080000,0x000000078f7237f0,0x0000000795d00000)
  to   space 135680K, 0% used [0x000000079d180000,0x000000079d180000,0x00000007a5600000)
 ParOldGen       total 507904K, used 309962K [0x00000006c0000000, 0x00000006df000000, 0x000000076ab00000)
  object space 507904K, 61% used [0x00000006c0000000,0x00000006d2eb2b28,0x00000006df000000)
 Metaspace       used 6582K, capacity 7320K, committed 7680K, reserved 1056768K
  class space    used 615K, capacity 656K, committed 768K, reserved 1048576K
Event: 19.170 GC heap after
Heap after GC invocations=15 (full 3):
 PSYoungGen      total 800256K, used 110063K [0x000000076ab00000, 0x00000007a5900000, 0x00000007c0000000)
  eden space 664576K, 0% used [0x000000076ab00000,0x000000076ab00000,0x0000000793400000)
  from space 135680K, 81% used [0x000000079d180000,0x00000007a3cfbd40,0x00000007a5600000)
  to   space 150016K, 0% used [0x0000000793400000,0x0000000793400000,0x000000079c680000)
 ParOldGen       total 507904K, used 309962K [0x00000006c0000000, 0x00000006df000000, 0x000000076ab00000)
  object space 507904K, 61% used [0x00000006c0000000,0x00000006d2eb2b28,0x00000006df000000)
 Metaspace       used 6582K, capacity 7320K, committed 7680K, reserved 1056768K
  class space    used 615K, capacity 656K, committed 768K, reserved 1048576K
}
Event: 21.210 GC heap before
{Heap before GC invocations=16 (full 3):
 PSYoungGen      total 800256K, used 774639K [0x000000076ab00000, 0x00000007a5900000, 0x00000007c0000000)
  eden space 664576K, 100% used [0x000000076ab00000,0x0000000793400000,0x0000000793400000)
  from space 135680K, 81% used [0x000000079d180000,0x00000007a3cfbd40,0x00000007a5600000)
  to   space 150016K, 0% used [0x0000000793400000,0x0000000793400000,0x000000079c680000)
 ParOldGen       total 507904K, used 309964K [0x00000006c0000000, 0x00000006df000000, 0x000000076ab00000)
  object space 507904K, 61% used [0x00000006c0000000,0x00000006d2eb32a8,0x00000006df000000)
 Metaspace       used 6594K, capacity 7320K, committed 7680K, reserved 1056768K
  class space    used 617K, capacity 656K, committed 768K, reserved 1048576K
Event: 21.459 GC heap after
Heap after GC invocations=16 (full 3):
 PSYoungGen      total 814592K, used 150007K [0x000000076ab00000, 0x00000007b1b80000, 0x00000007c0000000)
  eden space 664576K, 0% used [0x000000076ab00000,0x000000076ab00000,0x0000000793400000)
  from space 150016K, 99% used [0x0000000793400000,0x000000079c67deb8,0x000000079c680000)
  to   space 197632K, 0% used [0x00000007a5a80000,0x00000007a5a80000,0x00000007b1b80000)
 ParOldGen       total 507904K, used 368453K [0x00000006c0000000, 0x00000006df000000, 0x000000076ab00000)
  object space 507904K, 72% used [0x00000006c0000000,0x00000006d67d1720,0x00000006df000000)
 Metaspace       used 6594K, capacity 7320K, committed 7680K, reserved 1056768K
  class space    used 617K, capacity 656K, committed 768K, reserved 1048576K
}
Event: 23.348 GC heap before
{Heap before GC invocations=17 (full 3):
 PSYoungGen      total 814592K, used 814583K [0x000000076ab00000, 0x00000007b1b80000, 0x00000007c0000000)
  eden space 664576K, 100% used [0x000000076ab00000,0x0000000793400000,0x0000000793400000)
  from space 150016K, 99% used [0x0000000793400000,0x000000079c67deb8,0x000000079c680000)
  to   space 197632K, 0% used [0x00000007a5a80000,0x00000007a5a80000,0x00000007b1b80000)
 ParOldGen       total 507904K, used 368453K [0x00000006c0000000, 0x00000006df000000, 0x000000076ab00000)
  object space 507904K, 72% used [0x00000006c0000000,0x00000006d67d1720,0x00000006df000000)
 Metaspace       used 6595K, capacity 7320K, committed 7680K, reserved 1056768K
  class space    used 617K, capacity 656K, committed 768K, reserved 1048576K
Event: 23.820 GC heap after
Heap after GC invocations=17 (full 3):
 PSYoungGen      total 859136K, used 197622K [0x000000076ab00000, 0x00000007c0000000, 0x00000007c0000000)
  eden space 661504K, 0% used [0x000000076ab00000,0x000000076ab00000,0x0000000793100000)
  from space 197632K, 99% used [0x00000007a5a80000,0x00000007b1b7daf8,0x00000007b1b80000)
  to   space 304640K, 0% used [0x0000000793100000,0x0000000793100000,0x00000007a5a80000)
 ParOldGen       total 565248K, used 564880K [0x00000006c0000000, 0x00000006e2800000, 0x000000076ab00000)
  object space 565248K, 99% used [0x00000006c0000000,0x00000006e27a41c0,0x00000006e2800000)
 Metaspace       used 6595K, capacity 7320K, committed 7680K, reserved 1056768K
  class space    used 617K, capacity 656K, committed 768K, reserved 1048576K
}
Event: 23.820 GC heap before
{Heap before GC invocations=18 (full 4):
 PSYoungGen      total 859136K, used 197622K [0x000000076ab00000, 0x00000007c0000000, 0x00000007c0000000)
  eden space 661504K, 0% used [0x000000076ab00000,0x000000076ab00000,0x0000000793100000)
  from space 197632K, 99% used [0x00000007a5a80000,0x00000007b1b7daf8,0x00000007b1b80000)
  to   space 304640K, 0% used [0x0000000793100000,0x0000000793100000,0x00000007a5a80000)
 ParOldGen       total 565248K, used 564880K [0x00000006c0000000, 0x00000006e2800000, 0x000000076ab00000)
  object space 565248K, 99% used [0x00000006c0000000,0x00000006e27a41c0,0x00000006e2800000)
 Metaspace       used 6595K, capacity 7320K, committed 7680K, reserved 1056768K
  class space    used 617K, capacity 656K, committed 768K, reserved 1048576K
Event: 26.480 GC heap after
Heap after GC invocations=18 (full 4):
 PSYoungGen      total 859136K, used 186547K [0x000000076ab00000, 0x00000007c0000000, 0x00000007c0000000)
  eden space 661504K, 0% used [0x000000076ab00000,0x000000076ab00000,0x0000000793100000)
  from space 197632K, 94% used [0x00000007a5a80000,0x00000007b10acd68,0x00000007b1b80000)
  to   space 304640K, 0% used [0x0000000793100000,0x0000000793100000,0x00000007a5a80000)
 ParOldGen       total 886784K, used 564941K [0x00000006c0000000, 0x00000006f6200000, 0x000000076ab00000)
  object space 886784K, 63% used [0x00000006c0000000,0x00000006e27b37b0,0x00000006f6200000)
 Metaspace       used 6595K, capacity 7320K, committed 7680K, reserved 1056768K
  class space    used 617K, capacity 656K, committed 768K, reserved 1048576K
}
Event: 28.642 GC heap before
{Heap before GC invocations=19 (full 4):
 PSYoungGen      total 859136K, used 848051K [0x000000076ab00000, 0x00000007c0000000, 0x00000007c0000000)
  eden space 661504K, 100% used [0x000000076ab00000,0x0000000793100000,0x0000000793100000)
  from space 197632K, 94% used [0x00000007a5a80000,0x00000007b10acd68,0x00000007b1b80000)
  to   space 304640K, 0% used [0x0000000793100000,0x0000000793100000,0x00000007a5a80000)
 ParOldGen       total 886784K, used 564941K [0x00000006c0000000, 0x00000006f6200000, 0x000000076ab00000)
  object space 886784K, 63% used [0x00000006c0000000,0x00000006e27b37b0,0x00000006f6200000)
 Metaspace       used 6596K, capacity 7320K, committed 7680K, reserved 1056768K
  class space    used 617K, capacity 656K, committed 768K, reserved 1048576K

