# JRE version: Java(TM) SE Runtime Environment (8.0_45-b15) (build 1.8.0_45-b15)
# Java VM: Java HotSpot(TM) 64-Bit Server VM (25.45-b02 mixed mode windows-amd64 compressed oops)
Heap:
 PSYoungGen      total 719872K, used 650533K [0x000000076ab00000, 0x00000007a5180000, 0x00000007c0000000)
  eden space 561664K, 100% used [0x000000076ab00000,0x000000078cf80000,0x000000078cf80000)
  from space 158208K, 56% used [0x000000079b700000,0x00000007a0dc9498,0x00000007a5180000)
  to   space 197632K, 14% used [0x000000078cf80000,0x000000078eb460c0,0x0000000799080000)
 ParOldGen       total 1048576K, used 701951K [0x00000006c0000000, 0x0000000700000000, 0x000000076ab00000)
  object space 1048576K, 66% used [0x00000006c0000000,0x00000006ead7fc58,0x0000000700000000)
 Metaspace       used 6601K, capacity 7320K, committed 7680K, reserved 1056768K
  class space    used 617K, capacity 656K, committed 768K, reserved 1048576K
GC Heap History (10 events):
Event: 22.308 GC heap after
Heap after GC invocations=18 (full 4):
 PSYoungGen      total 631296K, used 79894K [0x000000076ab00000, 0x000000079e900000, 0x00000007c0000000)
  eden space 485888K, 0% used [0x000000076ab00000,0x000000076ab00000,0x0000000788580000)
  from space 145408K, 54% used [0x0000000788580000,0x000000078d3858e0,0x0000000791380000)
  to   space 146944K, 0% used [0x0000000795980000,0x0000000795980000,0x000000079e900000)
 ParOldGen       total 701952K, used 484169K [0x00000006c0000000, 0x00000006ead80000, 0x000000076ab00000)
  object space 701952K, 68% used [0x00000006c0000000,0x00000006dd8d24a0,0x00000006ead80000)
 Metaspace       used 6598K, capacity 7320K, committed 7680K, reserved 1056768K
  class space    used 616K, capacity 656K, committed 768K, reserved 1048576K
}
Event: 24.561 GC heap before
{Heap before GC invocations=19 (full 4):
 PSYoungGen      total 631296K, used 565782K [0x000000076ab00000, 0x000000079e900000, 0x00000007c0000000)
  eden space 485888K, 100% used [0x000000076ab00000,0x0000000788580000,0x0000000788580000)
  from space 145408K, 54% used [0x0000000788580000,0x000000078d3858e0,0x0000000791380000)
  to   space 146944K, 0% used [0x0000000795980000,0x0000000795980000,0x000000079e900000)
 ParOldGen       total 701952K, used 484169K [0x00000006c0000000, 0x00000006ead80000, 0x000000076ab00000)
  object space 701952K, 68% used [0x00000006c0000000,0x00000006dd8d24a0,0x00000006ead80000)
 Metaspace       used 6599K, capacity 7320K, committed 7680K, reserved 1056768K
  class space    used 616K, capacity 656K, committed 768K, reserved 1048576K
Event: 24.780 GC heap after
Heap after GC invocations=19 (full 4):
 PSYoungGen      total 662016K, used 146939K [0x000000076ab00000, 0x00000007a3980000, 0x00000007c0000000)
  eden space 515072K, 0% used [0x000000076ab00000,0x000000076ab00000,0x000000078a200000)
  from space 146944K, 99% used [0x0000000795980000,0x000000079e8fec20,0x000000079e900000)
  to   space 187904K, 0% used [0x000000078a200000,0x000000078a200000,0x0000000795980000)
 ParOldGen       total 701952K, used 526984K [0x00000006c0000000, 0x00000006ead80000, 0x000000076ab00000)
  object space 701952K, 75% used [0x00000006c0000000,0x00000006e02a20c8,0x00000006ead80000)
 Metaspace       used 6599K, capacity 7320K, committed 7680K, reserved 1056768K
  class space    used 616K, capacity 656K, committed 768K, reserved 1048576K
}
Event: 26.301 GC heap before
{Heap before GC invocations=20 (full 4):
 PSYoungGen      total 662016K, used 662011K [0x000000076ab00000, 0x00000007a3980000, 0x00000007c0000000)
  eden space 515072K, 100% used [0x000000076ab00000,0x000000078a200000,0x000000078a200000)
  from space 146944K, 99% used [0x0000000795980000,0x000000079e8fec20,0x000000079e900000)
  to   space 187904K, 0% used [0x000000078a200000,0x000000078a200000,0x0000000795980000)
 ParOldGen       total 701952K, used 526984K [0x00000006c0000000, 0x00000006ead80000, 0x000000076ab00000)
  object space 701952K, 75% used [0x00000006c0000000,0x00000006e02a20c8,0x00000006ead80000)
 Metaspace       used 6599K, capacity 7320K, committed 7680K, reserved 1056768K
  class space    used 617K, capacity 656K, committed 768K, reserved 1048576K
Event: 26.483 GC heap after
Heap after GC invocations=20 (full 4):
 PSYoungGen      total 702976K, used 147555K [0x000000076ab00000, 0x00000007a7f80000, 0x00000007c0000000)
  eden space 515072K, 0% used [0x000000076ab00000,0x000000076ab00000,0x000000078a200000)
  from space 187904K, 78% used [0x000000078a200000,0x0000000793218ef8,0x0000000795980000)
  to   space 205312K, 0% used [0x000000079b700000,0x000000079b700000,0x00000007a7f80000)
 ParOldGen       total 701952K, used 620576K [0x00000006c0000000, 0x00000006ead80000, 0x000000076ab00000)
  object space 701952K, 88% used [0x00000006c0000000,0x00000006e5e08250,0x00000006ead80000)
 Metaspace       used 6599K, capacity 7320K, committed 7680K, reserved 1056768K
  class space    used 617K, capacity 656K, committed 768K, reserved 1048576K
}
Event: 26.483 GC heap before
{Heap before GC invocations=21 (full 5):
 PSYoungGen      total 702976K, used 147555K [0x000000076ab00000, 0x00000007a7f80000, 0x00000007c0000000)
  eden space 515072K, 0% used [0x000000076ab00000,0x000000076ab00000,0x000000078a200000)
  from space 187904K, 78% used [0x000000078a200000,0x0000000793218ef8,0x0000000795980000)
  to   space 205312K, 0% used [0x000000079b700000,0x000000079b700000,0x00000007a7f80000)
 ParOldGen       total 701952K, used 620576K [0x00000006c0000000, 0x00000006ead80000, 0x000000076ab00000)
  object space 701952K, 88% used [0x00000006c0000000,0x00000006e5e08250,0x00000006ead80000)
 Metaspace       used 6599K, capacity 7320K, committed 7680K, reserved 1056768K
  class space    used 617K, capacity 656K, committed 768K, reserved 1048576K
Event: 29.138 GC heap after
Heap after GC invocations=21 (full 5):
 PSYoungGen      total 702976K, used 5625K [0x000000076ab00000, 0x00000007a7f80000, 0x00000007c0000000)
  eden space 515072K, 0% used [0x000000076ab00000,0x000000076ab00000,0x000000078a200000)
  from space 187904K, 2% used [0x000000078a200000,0x000000078a77e508,0x0000000795980000)
  to   space 205312K, 0% used [0x000000079b700000,0x000000079b700000,0x00000007a7f80000)
 ParOldGen       total 1048576K, used 701951K [0x00000006c0000000, 0x0000000700000000, 0x000000076ab00000)
  object space 1048576K, 66% used [0x00000006c0000000,0x00000006ead7fc58,0x0000000700000000)
 Metaspace       used 6599K, capacity 7320K, committed 7680K, reserved 1056768K
  class space    used 617K, capacity 656K, committed 768K, reserved 1048576K
}
Event: 30.210 GC heap before
{Heap before GC invocations=22 (full 5):
 PSYoungGen      total 702976K, used 520697K [0x000000076ab00000, 0x00000007a7f80000, 0x00000007c0000000)
  eden space 515072K, 100% used [0x000000076ab00000,0x000000078a200000,0x000000078a200000)
  from space 187904K, 2% used [0x000000078a200000,0x000000078a77e508,0x0000000795980000)
  to   space 205312K, 0% used [0x000000079b700000,0x000000079b700000,0x00000007a7f80000)
 ParOldGen       total 1048576K, used 701951K [0x00000006c0000000, 0x0000000700000000, 0x000000076ab00000)
  object space 1048576K, 66% used [0x00000006c0000000,0x00000006ead7fc58,0x0000000700000000)
 Metaspace       used 6601K, capacity 7320K, committed 7680K, reserved 1056768K
  class space    used 617K, capacity 656K, committed 768K, reserved 1048576K
Event: 30.415 GC heap after
Heap after GC invocations=22 (full 5):
 PSYoungGen      total 719872K, used 88869K [0x000000076ab00000, 0x00000007a5180000, 0x00000007c0000000)
  eden space 561664K, 0% used [0x000000076ab00000,0x000000076ab00000,0x000000078cf80000)
  from space 158208K, 56% used [0x000000079b700000,0x00000007a0dc9498,0x00000007a5180000)
  to   space 197632K, 0% used [0x000000078cf80000,0x000000078cf80000,0x0000000799080000)
 ParOldGen       total 1048576K, used 701951K [0x00000006c0000000, 0x0000000700000000, 0x000000076ab00000)
  object space 1048576K, 66% used [0x00000006c0000000,0x00000006ead7fc58,0x0000000700000000)
 Metaspace       used 6601K, capacity 7320K, committed 7680K, reserved 1056768K
  class space    used 617K, capacity 656K, committed 768K, reserved 1048576K
}
Event: 31.678 GC heap before
{Heap before GC invocations=23 (full 5):
 PSYoungGen      total 719872K, used 650533K [0x000000076ab00000, 0x00000007a5180000, 0x00000007c0000000)
  eden space 561664K, 100% used [0x000000076ab00000,0x000000078cf80000,0x000000078cf80000)
  from space 158208K, 56% used [0x000000079b700000,0x00000007a0dc9498,0x00000007a5180000)
  to   space 197632K, 0% used [0x000000078cf80000,0x000000078cf80000,0x0000000799080000)
 ParOldGen       total 1048576K, used 701951K [0x00000006c0000000, 0x0000000700000000, 0x000000076ab00000)
  object space 1048576K, 66% used [0x00000006c0000000,0x00000006ead7fc58,0x0000000700000000)
 Metaspace       used 6601K, capacity 7320K, committed 7680K, reserved 1056768K
  class space    used 617K, capacity 656K, committed 768K, reserved 1048576K

