# JRE version: Java(TM) SE Runtime Environment (8.0_45-b15) (build 1.8.0_45-b15)
# Java VM: Java HotSpot(TM) 64-Bit Server VM (25.45-b02 mixed mode windows-amd64 compressed oops)
Heap:
 PSYoungGen      total 699392K, used 89564K [0x000000076ab00000, 0x00000007a4580000, 0x00000007c0000000)
  eden space 570368K, 0% used [0x000000076ab00000,0x000000076ab00000,0x000000078d800000)
  from space 129024K, 69% used [0x000000078d800000,0x0000000792f772f8,0x0000000795600000)
  to   space 137216K, 0% used [0x000000079bf80000,0x000000079bf80000,0x00000007a4580000)
 ParOldGen       total 312832K, used 250828K [0x00000006c0000000, 0x00000006d3180000, 0x000000076ab00000)
  object space 312832K, 80% used [0x00000006c0000000,0x00000006cf4f31b0,0x00000006d3180000)
 Metaspace       used 6591K, capacity 7320K, committed 7680K, reserved 1056768K
  class space    used 616K, capacity 656K, committed 768K, reserved 1048576K
GC Heap History (10 events):
Event: 5.857 GC heap after
Heap after GC invocations=9 (full 1):
 PSYoungGen      total 552960K, used 36212K [0x000000076ab00000, 0x0000000792f00000, 0x00000007c0000000)
  eden space 501760K, 0% used [0x000000076ab00000,0x000000076ab00000,0x0000000789500000)
  from space 51200K, 70% used [0x000000078d900000,0x000000078fc5d150,0x0000000790b00000)
  to   space 69632K, 0% used [0x0000000789500000,0x0000000789500000,0x000000078d900000)
 ParOldGen       total 172032K, used 87140K [0x00000006c0000000, 0x00000006ca800000, 0x000000076ab00000)
  object space 172032K, 50% used [0x00000006c0000000,0x00000006c5519140,0x00000006ca800000)
 Metaspace       used 6540K, capacity 7320K, committed 7680K, reserved 1056768K
  class space    used 616K, capacity 656K, committed 768K, reserved 1048576K
}
Event: 7.422 GC heap before
{Heap before GC invocations=10 (full 1):
 PSYoungGen      total 552960K, used 537972K [0x000000076ab00000, 0x0000000792f00000, 0x00000007c0000000)
  eden space 501760K, 100% used [0x000000076ab00000,0x0000000789500000,0x0000000789500000)
  from space 51200K, 70% used [0x000000078d900000,0x000000078fc5d150,0x0000000790b00000)
  to   space 69632K, 0% used [0x0000000789500000,0x0000000789500000,0x000000078d900000)
 ParOldGen       total 172032K, used 87140K [0x00000006c0000000, 0x00000006ca800000, 0x000000076ab00000)
  object space 172032K, 50% used [0x00000006c0000000,0x00000006c5519140,0x00000006ca800000)
 Metaspace       used 6558K, capacity 7320K, committed 7680K, reserved 1056768K
  class space    used 616K, capacity 656K, committed 768K, reserved 1048576K
Event: 7.603 GC heap after
Heap after GC invocations=10 (full 1):
 PSYoungGen      total 571392K, used 69621K [0x000000076ab00000, 0x000000079b380000, 0x00000007c0000000)
  eden space 501760K, 0% used [0x000000076ab00000,0x000000076ab00000,0x0000000789500000)
  from space 69632K, 99% used [0x0000000789500000,0x000000078d8fd608,0x000000078d900000)
  to   space 95744K, 0% used [0x0000000795600000,0x0000000795600000,0x000000079b380000)
 ParOldGen       total 172032K, used 119813K [0x00000006c0000000, 0x00000006ca800000, 0x000000076ab00000)
  object space 172032K, 69% used [0x00000006c0000000,0x00000006c75015f8,0x00000006ca800000)
 Metaspace       used 6558K, capacity 7320K, committed 7680K, reserved 1056768K
  class space    used 616K, capacity 656K, committed 768K, reserved 1048576K
}
Event: 9.605 GC heap before
{Heap before GC invocations=11 (full 1):
 PSYoungGen      total 571392K, used 571381K [0x000000076ab00000, 0x000000079b380000, 0x00000007c0000000)
  eden space 501760K, 100% used [0x000000076ab00000,0x0000000789500000,0x0000000789500000)
  from space 69632K, 99% used [0x0000000789500000,0x000000078d8fd608,0x000000078d900000)
  to   space 95744K, 0% used [0x0000000795600000,0x0000000795600000,0x000000079b380000)
 ParOldGen       total 172032K, used 119813K [0x00000006c0000000, 0x00000006ca800000, 0x000000076ab00000)
  object space 172032K, 69% used [0x00000006c0000000,0x00000006c75015f8,0x00000006ca800000)
 Metaspace       used 6586K, capacity 7320K, committed 7680K, reserved 1056768K
  class space    used 616K, capacity 656K, committed 768K, reserved 1048576K
Event: 9.809 GC heap after
Heap after GC invocations=11 (full 1):
 PSYoungGen      total 666112K, used 95718K [0x000000076ab00000, 0x000000079f600000, 0x00000007c0000000)
  eden space 570368K, 0% used [0x000000076ab00000,0x000000076ab00000,0x000000078d800000)
  from space 95744K, 99% used [0x0000000795600000,0x000000079b3799d0,0x000000079b380000)
  to   space 129024K, 0% used [0x000000078d800000,0x000000078d800000,0x0000000795600000)
 ParOldGen       total 172032K, used 163712K [0x00000006c0000000, 0x00000006ca800000, 0x000000076ab00000)
  object space 172032K, 95% used [0x00000006c0000000,0x00000006c9fe0130,0x00000006ca800000)
 Metaspace       used 6586K, capacity 7320K, committed 7680K, reserved 1056768K
  class space    used 616K, capacity 656K, committed 768K, reserved 1048576K
}
Event: 9.809 GC heap before
{Heap before GC invocations=12 (full 2):
 PSYoungGen      total 666112K, used 95718K [0x000000076ab00000, 0x000000079f600000, 0x00000007c0000000)
  eden space 570368K, 0% used [0x000000076ab00000,0x000000076ab00000,0x000000078d800000)
  from space 95744K, 99% used [0x0000000795600000,0x000000079b3799d0,0x000000079b380000)
  to   space 129024K, 0% used [0x000000078d800000,0x000000078d800000,0x0000000795600000)
 ParOldGen       total 172032K, used 163712K [0x00000006c0000000, 0x00000006ca800000, 0x000000076ab00000)
  object space 172032K, 95% used [0x00000006c0000000,0x00000006c9fe0130,0x00000006ca800000)
 Metaspace       used 6586K, capacity 7320K, committed 7680K, reserved 1056768K
  class space    used 616K, capacity 656K, committed 768K, reserved 1048576K
Event: 11.159 GC heap after
Heap after GC invocations=12 (full 2):
 PSYoungGen      total 666112K, used 79621K [0x000000076ab00000, 0x000000079f600000, 0x00000007c0000000)
  eden space 570368K, 0% used [0x000000076ab00000,0x000000076ab00000,0x000000078d800000)
  from space 95744K, 83% used [0x0000000795600000,0x000000079a3c1478,0x000000079b380000)
  to   space 129024K, 0% used [0x000000078d800000,0x000000078d800000,0x0000000795600000)
 ParOldGen       total 312832K, used 171690K [0x00000006c0000000, 0x00000006d3180000, 0x000000076ab00000)
  object space 312832K, 54% used [0x00000006c0000000,0x00000006ca7aaaa8,0x00000006d3180000)
 Metaspace       used 6586K, capacity 7320K, committed 7680K, reserved 1056768K
  class space    used 616K, capacity 656K, committed 768K, reserved 1048576K
}
Event: 13.055 GC heap before
{Heap before GC invocations=13 (full 2):
 PSYoungGen      total 666112K, used 649989K [0x000000076ab00000, 0x000000079f600000, 0x00000007c0000000)
  eden space 570368K, 100% used [0x000000076ab00000,0x000000078d800000,0x000000078d800000)
  from space 95744K, 83% used [0x0000000795600000,0x000000079a3c1478,0x000000079b380000)
  to   space 129024K, 0% used [0x000000078d800000,0x000000078d800000,0x0000000795600000)
 ParOldGen       total 312832K, used 171690K [0x00000006c0000000, 0x00000006d3180000, 0x000000076ab00000)
  object space 312832K, 54% used [0x00000006c0000000,0x00000006ca7aaaa8,0x00000006d3180000)
 Metaspace       used 6591K, capacity 7320K, committed 7680K, reserved 1056768K
  class space    used 616K, capacity 656K, committed 768K, reserved 1048576K
Event: 13.353 GC heap after
Heap after GC invocations=13 (full 2):
 PSYoungGen      total 699392K, used 89564K [0x000000076ab00000, 0x00000007a4580000, 0x00000007c0000000)
  eden space 570368K, 0% used [0x000000076ab00000,0x000000076ab00000,0x000000078d800000)
  from space 129024K, 69% used [0x000000078d800000,0x0000000792f772f8,0x0000000795600000)
  to   space 137216K, 0% used [0x000000079bf80000,0x000000079bf80000,0x00000007a4580000)
 ParOldGen       total 312832K, used 250828K [0x00000006c0000000, 0x00000006d3180000, 0x000000076ab00000)
  object space 312832K, 80% used [0x00000006c0000000,0x00000006cf4f31b0,0x00000006d3180000)
 Metaspace       used 6591K, capacity 7320K, committed 7680K, reserved 1056768K
  class space    used 616K, capacity 656K, committed 768K, reserved 1048576K
}
Event: 13.354 GC heap before
{Heap before GC invocations=14 (full 3):
 PSYoungGen      total 699392K, used 89564K [0x000000076ab00000, 0x00000007a4580000, 0x00000007c0000000)
  eden space 570368K, 0% used [0x000000076ab00000,0x000000076ab00000,0x000000078d800000)
  from space 129024K, 69% used [0x000000078d800000,0x0000000792f772f8,0x0000000795600000)
  to   space 137216K, 0% used [0x000000079bf80000,0x000000079bf80000,0x00000007a4580000)
 ParOldGen       total 312832K, used 250828K [0x00000006c0000000, 0x00000006d3180000, 0x000000076ab00000)
  object space 312832K, 80% used [0x00000006c0000000,0x00000006cf4f31b0,0x00000006d3180000)
 Metaspace       used 6591K, capacity 7320K, committed 7680K, reserved 1056768K
  class space    used 616K, capacity 656K, committed 768K, reserved 1048576K

