# JRE version: Java(TM) SE Runtime Environment (8.0_45-b15) (build 1.8.0_45-b15)
# Java VM: Java HotSpot(TM) 64-Bit Server VM (25.45-b02 mixed mode windows-amd64 compressed oops)
Heap:
 PSYoungGen      total 466944K, used 12258K [0x000000076ab00000, 0x0000000797480000, 0x00000007c0000000)
  eden space 454656K, 0% used [0x000000076ab00000,0x000000076ab00000,0x0000000786700000)
  from space 12288K, 99% used [0x000000078d800000,0x000000078e3f8ab0,0x000000078e400000)
  to   space 115712K, 0% used [0x0000000786700000,0x0000000786700000,0x000000078d800000)
 ParOldGen       total 242688K, used 242300K [0x00000006c0000000, 0x00000006ced00000, 0x000000076ab00000)
  object space 242688K, 99% used [0x00000006c0000000,0x00000006cec9f280,0x00000006ced00000)
 Metaspace       used 6653K, capacity 7384K, committed 7680K, reserved 1056768K
  class space    used 622K, capacity 656K, committed 768K, reserved 1048576K
GC Heap History (10 events):
Event: 5.146 GC heap after
Heap after GC invocations=7 (full 0):
 PSYoungGen      total 294912K, used 29177K [0x000000076ab00000, 0x0000000791400000, 0x00000007c0000000)
  eden space 265728K, 0% used [0x000000076ab00000,0x000000076ab00000,0x000000077ae80000)
  from space 29184K, 99% used [0x000000077ae80000,0x000000077cafe418,0x000000077cb00000)
  to   space 50176K, 0% used [0x000000078e300000,0x000000078e300000,0x0000000791400000)
 ParOldGen       total 87552K, used 68910K [0x00000006c0000000, 0x00000006c5580000, 0x000000076ab00000)
  object space 87552K, 78% used [0x00000006c0000000,0x00000006c434baa8,0x00000006c5580000)
 Metaspace       used 6517K, capacity 7320K, committed 7680K, reserved 1056768K
  class space    used 616K, capacity 656K, committed 768K, reserved 1048576K
}
Event: 5.146 GC heap before
{Heap before GC invocations=8 (full 1):
 PSYoungGen      total 294912K, used 29177K [0x000000076ab00000, 0x0000000791400000, 0x00000007c0000000)
  eden space 265728K, 0% used [0x000000076ab00000,0x000000076ab00000,0x000000077ae80000)
  from space 29184K, 99% used [0x000000077ae80000,0x000000077cafe418,0x000000077cb00000)
  to   space 50176K, 0% used [0x000000078e300000,0x000000078e300000,0x0000000791400000)
 ParOldGen       total 87552K, used 68910K [0x00000006c0000000, 0x00000006c5580000, 0x000000076ab00000)
  object space 87552K, 78% used [0x00000006c0000000,0x00000006c434baa8,0x00000006c5580000)
 Metaspace       used 6517K, capacity 7320K, committed 7680K, reserved 1056768K
  class space    used 616K, capacity 656K, committed 768K, reserved 1048576K
Event: 6.070 GC heap after
Heap after GC invocations=8 (full 1):
 PSYoungGen      total 294912K, used 7135K [0x000000076ab00000, 0x0000000791400000, 0x00000007c0000000)
  eden space 265728K, 0% used [0x000000076ab00000,0x000000076ab00000,0x000000077ae80000)
  from space 29184K, 24% used [0x000000077ae80000,0x000000077b577c18,0x000000077cb00000)
  to   space 50176K, 0% used [0x000000078e300000,0x000000078e300000,0x0000000791400000)
 ParOldGen       total 175104K, used 87082K [0x00000006c0000000, 0x00000006cab00000, 0x000000076ab00000)
  object space 175104K, 49% used [0x00000006c0000000,0x00000006c550aac8,0x00000006cab00000)
 Metaspace       used 6517K, capacity 7320K, committed 7680K, reserved 1056768K
  class space    used 616K, capacity 656K, committed 768K, reserved 1048576K
}
Event: 7.114 GC heap before
{Heap before GC invocations=9 (full 1):
 PSYoungGen      total 294912K, used 272863K [0x000000076ab00000, 0x0000000791400000, 0x00000007c0000000)
  eden space 265728K, 100% used [0x000000076ab00000,0x000000077ae80000,0x000000077ae80000)
  from space 29184K, 24% used [0x000000077ae80000,0x000000077b577c18,0x000000077cb00000)
  to   space 50176K, 0% used [0x000000078e300000,0x000000078e300000,0x0000000791400000)
 ParOldGen       total 175104K, used 87082K [0x00000006c0000000, 0x00000006cab00000, 0x000000076ab00000)
  object space 175104K, 49% used [0x00000006c0000000,0x00000006c550aac8,0x00000006cab00000)
 Metaspace       used 6521K, capacity 7320K, committed 7680K, reserved 1056768K
  class space    used 616K, capacity 656K, committed 768K, reserved 1048576K
Event: 7.250 GC heap after
Heap after GC invocations=9 (full 1):
 PSYoungGen      total 388608K, used 47165K [0x000000076ab00000, 0x0000000791180000, 0x00000007c0000000)
  eden space 340992K, 0% used [0x000000076ab00000,0x000000076ab00000,0x000000077f800000)
  from space 47616K, 99% used [0x000000078e300000,0x000000079110f518,0x0000000791180000)
  to   space 58880K, 0% used [0x0000000789e80000,0x0000000789e80000,0x000000078d800000)
 ParOldGen       total 175104K, used 87098K [0x00000006c0000000, 0x00000006cab00000, 0x000000076ab00000)
  object space 175104K, 49% used [0x00000006c0000000,0x00000006c550eac8,0x00000006cab00000)
 Metaspace       used 6521K, capacity 7320K, committed 7680K, reserved 1056768K
  class space    used 616K, capacity 656K, committed 768K, reserved 1048576K
}
Event: 8.546 GC heap before
{Heap before GC invocations=10 (full 1):
 PSYoungGen      total 388608K, used 388157K [0x000000076ab00000, 0x0000000791180000, 0x00000007c0000000)
  eden space 340992K, 100% used [0x000000076ab00000,0x000000077f800000,0x000000077f800000)
  from space 47616K, 99% used [0x000000078e300000,0x000000079110f518,0x0000000791180000)
  to   space 58880K, 0% used [0x0000000789e80000,0x0000000789e80000,0x000000078d800000)
 ParOldGen       total 175104K, used 87098K [0x00000006c0000000, 0x00000006cab00000, 0x000000076ab00000)
  object space 175104K, 49% used [0x00000006c0000000,0x00000006c550eac8,0x00000006cab00000)
 Metaspace       used 6537K, capacity 7320K, committed 7680K, reserved 1056768K
  class space    used 616K, capacity 656K, committed 768K, reserved 1048576K
Event: 8.727 GC heap after
Heap after GC invocations=10 (full 1):
 PSYoungGen      total 467456K, used 58856K [0x000000076ab00000, 0x000000078e400000, 0x00000007c0000000)
  eden space 408576K, 0% used [0x000000076ab00000,0x000000076ab00000,0x0000000783a00000)
  from space 58880K, 99% used [0x0000000789e80000,0x000000078d7fa190,0x000000078d800000)
  to   space 12288K, 0% used [0x000000078d800000,0x000000078d800000,0x000000078e400000)
 ParOldGen       total 175104K, used 130609K [0x00000006c0000000, 0x00000006cab00000, 0x000000076ab00000)
  object space 175104K, 74% used [0x00000006c0000000,0x00000006c7f8c4d0,0x00000006cab00000)
 Metaspace       used 6537K, capacity 7320K, committed 7680K, reserved 1056768K
  class space    used 616K, capacity 656K, committed 768K, reserved 1048576K
}
Event: 10.754 GC heap before
{Heap before GC invocations=11 (full 1):
 PSYoungGen      total 467456K, used 467432K [0x000000076ab00000, 0x000000078e400000, 0x00000007c0000000)
  eden space 408576K, 100% used [0x000000076ab00000,0x0000000783a00000,0x0000000783a00000)
  from space 58880K, 99% used [0x0000000789e80000,0x000000078d7fa190,0x000000078d800000)
  to   space 12288K, 0% used [0x000000078d800000,0x000000078d800000,0x000000078e400000)
 ParOldGen       total 175104K, used 130609K [0x00000006c0000000, 0x00000006cab00000, 0x000000076ab00000)
  object space 175104K, 74% used [0x00000006c0000000,0x00000006c7f8c4d0,0x00000006cab00000)
 Metaspace       used 6653K, capacity 7384K, committed 7680K, reserved 1056768K
  class space    used 622K, capacity 656K, committed 768K, reserved 1048576K
Event: 11.065 GC heap after
Heap after GC invocations=11 (full 1):
 PSYoungGen      total 466944K, used 12258K [0x000000076ab00000, 0x0000000797480000, 0x00000007c0000000)
  eden space 454656K, 0% used [0x000000076ab00000,0x000000076ab00000,0x0000000786700000)
  from space 12288K, 99% used [0x000000078d800000,0x000000078e3f8ab0,0x000000078e400000)
  to   space 115712K, 0% used [0x0000000786700000,0x0000000786700000,0x000000078d800000)
 ParOldGen       total 242688K, used 242300K [0x00000006c0000000, 0x00000006ced00000, 0x000000076ab00000)
  object space 242688K, 99% used [0x00000006c0000000,0x00000006cec9f280,0x00000006ced00000)
 Metaspace       used 6653K, capacity 7384K, committed 7680K, reserved 1056768K
  class space    used 622K, capacity 656K, committed 768K, reserved 1048576K
}
Event: 11.065 GC heap before
{Heap before GC invocations=12 (full 2):
 PSYoungGen      total 466944K, used 12258K [0x000000076ab00000, 0x0000000797480000, 0x00000007c0000000)
  eden space 454656K, 0% used [0x000000076ab00000,0x000000076ab00000,0x0000000786700000)
  from space 12288K, 99% used [0x000000078d800000,0x000000078e3f8ab0,0x000000078e400000)
  to   space 115712K, 0% used [0x0000000786700000,0x0000000786700000,0x000000078d800000)
 ParOldGen       total 242688K, used 242300K [0x00000006c0000000, 0x00000006ced00000, 0x000000076ab00000)
  object space 242688K, 99% used [0x00000006c0000000,0x00000006cec9f280,0x00000006ced00000)
 Metaspace       used 6653K, capacity 7384K, committed 7680K, reserved 1056768K
  class space    used 622K, capacity 656K, committed 768K, reserved 1048576K

