# JRE version: Java(TM) SE Runtime Environment (8.0_45-b15) (build 1.8.0_45-b15)
# Java VM: Java HotSpot(TM) 64-Bit Server VM (25.45-b02 mixed mode windows-amd64 compressed oops)
Heap:
 PSYoungGen      total 763904K, used 592448K [0x000000076ab00000, 0x00000007a6000000, 0x00000007c0000000)
  eden space 593920K, 75% used [0x000000076ab00000,0x00000007862635d0,0x000000078ef00000)
  from space 169984K, 83% used [0x000000079a980000,0x00000007a34aca70,0x00000007a4f80000)
  to   space 188928K, 0% used [0x000000078ef00000,0x000000078ef00000,0x000000079a780000)
 ParOldGen       total 585728K, used 367193K [0x00000006c0000000, 0x00000006e3c00000, 0x000000076ab00000)
  object space 585728K, 62% used [0x00000006c0000000,0x00000006d6696730,0x00000006e3c00000)
 Metaspace       used 6600K, capacity 7320K, committed 7680K, reserved 1056768K
  class space    used 617K, capacity 656K, committed 768K, reserved 1048576K
GC Heap History (10 events):
Event: 12.547 GC heap before
{Heap before GC invocations=13 (full 2):
 PSYoungGen      total 514048K, used 504472K [0x000000076ab00000, 0x000000079b200000, 0x00000007c0000000)
  eden space 446976K, 100% used [0x000000076ab00000,0x0000000785f80000,0x0000000785f80000)
  from space 67072K, 85% used [0x000000078c880000,0x00000007900a6010,0x0000000790a00000)
  to   space 107520K, 0% used [0x0000000785f80000,0x0000000785f80000,0x000000078c880000)
 ParOldGen       total 305152K, used 167951K [0x00000006c0000000, 0x00000006d2a00000, 0x000000076ab00000)
  object space 305152K, 55% used [0x00000006c0000000,0x00000006ca403eb0,0x00000006d2a00000)
 Metaspace       used 6583K, capacity 7320K, committed 7680K, reserved 1056768K
  class space    used 616K, capacity 656K, committed 768K, reserved 1048576K
Event: 12.727 GC heap after
Heap after GC invocations=13 (full 2):
 PSYoungGen      total 554496K, used 107511K [0x000000076ab00000, 0x000000079b980000, 0x00000007c0000000)
  eden space 446976K, 0% used [0x000000076ab00000,0x000000076ab00000,0x0000000785f80000)
  from space 107520K, 99% used [0x0000000785f80000,0x000000078c87dfd0,0x000000078c880000)
  to   space 134656K, 0% used [0x0000000793600000,0x0000000793600000,0x000000079b980000)
 ParOldGen       total 305152K, used 189552K [0x00000006c0000000, 0x00000006d2a00000, 0x000000076ab00000)
  object space 305152K, 62% used [0x00000006c0000000,0x00000006cb91c120,0x00000006d2a00000)
 Metaspace       used 6583K, capacity 7320K, committed 7680K, reserved 1056768K
  class space    used 616K, capacity 656K, committed 768K, reserved 1048576K
}
Event: 14.310 GC heap before
{Heap before GC invocations=14 (full 2):
 PSYoungGen      total 554496K, used 554487K [0x000000076ab00000, 0x000000079b980000, 0x00000007c0000000)
  eden space 446976K, 100% used [0x000000076ab00000,0x0000000785f80000,0x0000000785f80000)
  from space 107520K, 99% used [0x0000000785f80000,0x000000078c87dfd0,0x000000078c880000)
  to   space 134656K, 0% used [0x0000000793600000,0x0000000793600000,0x000000079b980000)
 ParOldGen       total 305152K, used 189552K [0x00000006c0000000, 0x00000006d2a00000, 0x000000076ab00000)
  object space 305152K, 62% used [0x00000006c0000000,0x00000006cb91c120,0x00000006d2a00000)
 Metaspace       used 6586K, capacity 7320K, committed 7680K, reserved 1056768K
  class space    used 616K, capacity 656K, committed 768K, reserved 1048576K
Event: 14.711 GC heap after
Heap after GC invocations=14 (full 2):
 PSYoungGen      total 627200K, used 134627K [0x000000076ab00000, 0x00000007a1d00000, 0x00000007c0000000)
  eden space 492544K, 0% used [0x000000076ab00000,0x000000076ab00000,0x0000000788c00000)
  from space 134656K, 99% used [0x0000000793600000,0x000000079b978f78,0x000000079b980000)
  to   space 174080K, 0% used [0x0000000788c00000,0x0000000788c00000,0x0000000793600000)
 ParOldGen       total 305152K, used 232356K [0x00000006c0000000, 0x00000006d2a00000, 0x000000076ab00000)
  object space 305152K, 76% used [0x00000006c0000000,0x00000006ce2e9390,0x00000006d2a00000)
 Metaspace       used 6586K, capacity 7320K, committed 7680K, reserved 1056768K
  class space    used 616K, capacity 656K, committed 768K, reserved 1048576K
}
Event: 16.411 GC heap before
{Heap before GC invocations=15 (full 2):
 PSYoungGen      total 627200K, used 627171K [0x000000076ab00000, 0x00000007a1d00000, 0x00000007c0000000)
  eden space 492544K, 100% used [0x000000076ab00000,0x0000000788c00000,0x0000000788c00000)
  from space 134656K, 99% used [0x0000000793600000,0x000000079b978f78,0x000000079b980000)
  to   space 174080K, 0% used [0x0000000788c00000,0x0000000788c00000,0x0000000793600000)
 ParOldGen       total 305152K, used 232356K [0x00000006c0000000, 0x00000006d2a00000, 0x000000076ab00000)
  object space 305152K, 76% used [0x00000006c0000000,0x00000006ce2e9390,0x00000006d2a00000)
 Metaspace       used 6589K, capacity 7320K, committed 7680K, reserved 1056768K
  class space    used 616K, capacity 656K, committed 768K, reserved 1048576K
Event: 16.656 GC heap after
Heap after GC invocations=15 (full 2):
 PSYoungGen      total 666624K, used 79875K [0x000000076ab00000, 0x00000007a4f80000, 0x00000007c0000000)
  eden space 492544K, 0% used [0x000000076ab00000,0x000000076ab00000,0x0000000788c00000)
  from space 174080K, 45% used [0x0000000788c00000,0x000000078da00e78,0x0000000793600000)
  to   space 169984K, 0% used [0x000000079a980000,0x000000079a980000,0x00000007a4f80000)
 ParOldGen       total 367616K, used 367536K [0x00000006c0000000, 0x00000006d6700000, 0x000000076ab00000)
  object space 367616K, 99% used [0x00000006c0000000,0x00000006d66ec2b0,0x00000006d6700000)
 Metaspace       used 6589K, capacity 7320K, committed 7680K, reserved 1056768K
  class space    used 616K, capacity 656K, committed 768K, reserved 1048576K
}
Event: 16.656 GC heap before
{Heap before GC invocations=16 (full 3):
 PSYoungGen      total 666624K, used 79875K [0x000000076ab00000, 0x00000007a4f80000, 0x00000007c0000000)
  eden space 492544K, 0% used [0x000000076ab00000,0x000000076ab00000,0x0000000788c00000)
  from space 174080K, 45% used [0x0000000788c00000,0x000000078da00e78,0x0000000793600000)
  to   space 169984K, 0% used [0x000000079a980000,0x000000079a980000,0x00000007a4f80000)
 ParOldGen       total 367616K, used 367536K [0x00000006c0000000, 0x00000006d6700000, 0x000000076ab00000)
  object space 367616K, 99% used [0x00000006c0000000,0x00000006d66ec2b0,0x00000006d6700000)
 Metaspace       used 6589K, capacity 7320K, committed 7680K, reserved 1056768K
  class space    used 616K, capacity 656K, committed 768K, reserved 1048576K
Event: 18.775 GC heap after
Heap after GC invocations=16 (full 3):
 PSYoungGen      total 666624K, used 69750K [0x000000076ab00000, 0x00000007a4f80000, 0x00000007c0000000)
  eden space 492544K, 0% used [0x000000076ab00000,0x000000076ab00000,0x0000000788c00000)
  from space 174080K, 40% used [0x0000000788c00000,0x000000078d01da78,0x0000000793600000)
  to   space 169984K, 0% used [0x000000079a980000,0x000000079a980000,0x00000007a4f80000)
 ParOldGen       total 585728K, used 367193K [0x00000006c0000000, 0x00000006e3c00000, 0x000000076ab00000)
  object space 585728K, 62% used [0x00000006c0000000,0x00000006d6696730,0x00000006e3c00000)
 Metaspace       used 6589K, capacity 7320K, committed 7680K, reserved 1056768K
  class space    used 616K, capacity 656K, committed 768K, reserved 1048576K
}
Event: 20.037 GC heap before
{Heap before GC invocations=17 (full 3):
 PSYoungGen      total 666624K, used 562294K [0x000000076ab00000, 0x00000007a4f80000, 0x00000007c0000000)
  eden space 492544K, 100% used [0x000000076ab00000,0x0000000788c00000,0x0000000788c00000)
  from space 174080K, 40% used [0x0000000788c00000,0x000000078d01da78,0x0000000793600000)
  to   space 169984K, 0% used [0x000000079a980000,0x000000079a980000,0x00000007a4f80000)
 ParOldGen       total 585728K, used 367193K [0x00000006c0000000, 0x00000006e3c00000, 0x000000076ab00000)
  object space 585728K, 62% used [0x00000006c0000000,0x00000006d6696730,0x00000006e3c00000)
 Metaspace       used 6600K, capacity 7320K, committed 7680K, reserved 1056768K
  class space    used 617K, capacity 656K, committed 768K, reserved 1048576K
Event: 20.312 GC heap after
Heap after GC invocations=17 (full 3):
 PSYoungGen      total 763904K, used 142514K [0x000000076ab00000, 0x00000007a6000000, 0x00000007c0000000)
  eden space 593920K, 0% used [0x000000076ab00000,0x000000076ab00000,0x000000078ef00000)
  from space 169984K, 83% used [0x000000079a980000,0x00000007a34aca70,0x00000007a4f80000)
  to   space 188928K, 0% used [0x000000078ef00000,0x000000078ef00000,0x000000079a780000)
 ParOldGen       total 585728K, used 367193K [0x00000006c0000000, 0x00000006e3c00000, 0x000000076ab00000)
  object space 585728K, 62% used [0x00000006c0000000,0x00000006d6696730,0x00000006e3c00000)
 Metaspace       used 6600K, capacity 7320K, committed 7680K, reserved 1056768K
  class space    used 617K, capacity 656K, committed 768K, reserved 1048576K
}

