# JRE version: Java(TM) SE Runtime Environment (8.0_45-b15) (build 1.8.0_45-b15)
# Java VM: Java HotSpot(TM) 64-Bit Server VM (25.45-b02 mixed mode windows-amd64 compressed oops)
Heap:
 PSYoungGen      total 928768K, used 928750K [0x000000076ab00000, 0x00000007ba880000, 0x00000007c0000000)
  eden space 737280K, 100% used [0x000000076ab00000,0x0000000797b00000,0x0000000797b00000)
  from space 191488K, 99% used [0x0000000797b00000,0x00000007a35fb8e8,0x00000007a3600000)
  to   space 229376K, 48% used [0x00000007ac880000,0x00000007b3436950,0x00000007ba880000)
 ParOldGen       total 1087488K, used 826226K [0x00000006c0000000, 0x0000000702600000, 0x000000076ab00000)
  object space 1087488K, 75% used [0x00000006c0000000,0x00000006f26dcb28,0x0000000702600000)
 Metaspace       used 7384K, capacity 7832K, committed 7936K, reserved 1056768K
  class space    used 669K, capacity 720K, committed 768K, reserved 1048576K
GC Heap History (10 events):
Event: 24.505 GC heap after
Heap after GC invocations=17 (full 3):
 PSYoungGen      total 795136K, used 795120K [0x000000076ab00000, 0x00000007af780000, 0x00000007c0000000)
  eden space 646656K, 100% used [0x000000076ab00000,0x0000000792280000,0x0000000792280000)
  from space 148480K, 99% used [0x0000000792280000,0x000000079b37c370,0x000000079b380000)
  to   space 194560K, 99% used [0x00000007a3980000,0x00000007af77b480,0x00000007af780000)
 ParOldGen       total 550400K, used 549981K [0x00000006c0000000, 0x00000006e1980000, 0x000000076ab00000)
  object space 550400K, 99% used [0x00000006c0000000,0x00000006e1917730,0x00000006e1980000)
 Metaspace       used 6598K, capacity 7320K, committed 7680K, reserved 1056768K
  class space    used 617K, capacity 656K, committed 768K, reserved 1048576K
}
Event: 24.505 GC heap before
{Heap before GC invocations=18 (full 4):
 PSYoungGen      total 795136K, used 795120K [0x000000076ab00000, 0x00000007af780000, 0x00000007c0000000)
  eden space 646656K, 100% used [0x000000076ab00000,0x0000000792280000,0x0000000792280000)
  from space 148480K, 99% used [0x0000000792280000,0x000000079b37c370,0x000000079b380000)
  to   space 194560K, 99% used [0x00000007a3980000,0x00000007af77b480,0x00000007af780000)
 ParOldGen       total 550400K, used 549981K [0x00000006c0000000, 0x00000006e1980000, 0x000000076ab00000)
  object space 550400K, 99% used [0x00000006c0000000,0x00000006e1917730,0x00000006e1980000)
 Metaspace       used 6598K, capacity 7320K, committed 7680K, reserved 1056768K
  class space    used 617K, capacity 656K, committed 768K, reserved 1048576K
Event: 27.992 GC heap after
Heap after GC invocations=18 (full 4):
 PSYoungGen      total 795136K, used 0K [0x000000076ab00000, 0x00000007af780000, 0x00000007c0000000)
  eden space 646656K, 0% used [0x000000076ab00000,0x000000076ab00000,0x0000000792280000)
  from space 148480K, 0% used [0x0000000792280000,0x0000000792280000,0x000000079b380000)
  to   space 194560K, 93% used [0x00000007a3980000,0x00000007aebaadb0,0x00000007af780000)
 ParOldGen       total 816640K, used 550238K [0x00000006c0000000, 0x00000006f1d80000, 0x000000076ab00000)
  object space 816640K, 67% used [0x00000006c0000000,0x00000006e1957bf8,0x00000006f1d80000)
 Metaspace       used 6598K, capacity 7320K, committed 7680K, reserved 1056768K
  class space    used 617K, capacity 656K, committed 768K, reserved 1048576K
}
Event: 30.324 GC heap before
{Heap before GC invocations=19 (full 5):
 PSYoungGen      total 795136K, used 646656K [0x000000076ab00000, 0x00000007af780000, 0x00000007c0000000)
  eden space 646656K, 100% used [0x000000076ab00000,0x0000000792280000,0x0000000792280000)
  from space 148480K, 0% used [0x0000000792280000,0x0000000792280000,0x000000079b380000)
  to   space 194560K, 93% used [0x00000007a3980000,0x00000007aebaadb0,0x00000007af780000)
 ParOldGen       total 816640K, used 550238K [0x00000006c0000000, 0x00000006f1d80000, 0x000000076ab00000)
  object space 816640K, 67% used [0x00000006c0000000,0x00000006e1957bf8,0x00000006f1d80000)
 Metaspace       used 6598K, capacity 7320K, committed 7680K, reserved 1056768K
  class space    used 617K, capacity 656K, committed 768K, reserved 1048576K
Event: 31.967 GC heap after
Heap after GC invocations=19 (full 5):
 PSYoungGen      total 795136K, used 0K [0x000000076ab00000, 0x00000007af780000, 0x00000007c0000000)
  eden space 646656K, 0% used [0x000000076ab00000,0x000000076ab00000,0x0000000792280000)
  from space 148480K, 0% used [0x0000000792280000,0x0000000792280000,0x000000079b380000)
  to   space 194560K, 0% used [0x00000007a3980000,0x00000007a3980000,0x00000007af780000)
 ParOldGen       total 1087488K, used 764263K [0x00000006c0000000, 0x0000000702600000, 0x000000076ab00000)
  object space 1087488K, 70% used [0x00000006c0000000,0x00000006eea59ea8,0x0000000702600000)
 Metaspace       used 6598K, capacity 7320K, committed 7680K, reserved 1056768K
  class space    used 617K, capacity 656K, committed 768K, reserved 1048576K
}
Event: 33.476 GC heap before
{Heap before GC invocations=20 (full 5):
 PSYoungGen      total 795136K, used 646656K [0x000000076ab00000, 0x00000007af780000, 0x00000007c0000000)
  eden space 646656K, 100% used [0x000000076ab00000,0x0000000792280000,0x0000000792280000)
  from space 148480K, 0% used [0x0000000792280000,0x0000000792280000,0x000000079b380000)
  to   space 194560K, 0% used [0x00000007a3980000,0x00000007a3980000,0x00000007af780000)
 ParOldGen       total 1087488K, used 764263K [0x00000006c0000000, 0x0000000702600000, 0x000000076ab00000)
  object space 1087488K, 70% used [0x00000006c0000000,0x00000006eea59ea8,0x0000000702600000)
 Metaspace       used 6599K, capacity 7320K, committed 7680K, reserved 1056768K
  class space    used 617K, capacity 656K, committed 768K, reserved 1048576K
Event: 33.634 GC heap after
Heap after GC invocations=20 (full 5):
 PSYoungGen      total 925184K, used 94350K [0x000000076ab00000, 0x00000007af100000, 0x00000007c0000000)
  eden space 737280K, 0% used [0x000000076ab00000,0x000000076ab00000,0x0000000797b00000)
  from space 187904K, 50% used [0x00000007a3980000,0x00000007a95a3828,0x00000007af100000)
  to   space 191488K, 0% used [0x0000000797b00000,0x0000000797b00000,0x00000007a3600000)
 ParOldGen       total 1087488K, used 764263K [0x00000006c0000000, 0x0000000702600000, 0x000000076ab00000)
  object space 1087488K, 70% used [0x00000006c0000000,0x00000006eea59ea8,0x0000000702600000)
 Metaspace       used 6599K, capacity 7320K, committed 7680K, reserved 1056768K
  class space    used 617K, capacity 656K, committed 768K, reserved 1048576K
}
Event: 35.999 GC heap before
{Heap before GC invocations=21 (full 5):
 PSYoungGen      total 925184K, used 831630K [0x000000076ab00000, 0x00000007af100000, 0x00000007c0000000)
  eden space 737280K, 100% used [0x000000076ab00000,0x0000000797b00000,0x0000000797b00000)
  from space 187904K, 50% used [0x00000007a3980000,0x00000007a95a3828,0x00000007af100000)
  to   space 191488K, 0% used [0x0000000797b00000,0x0000000797b00000,0x00000007a3600000)
 ParOldGen       total 1087488K, used 764263K [0x00000006c0000000, 0x0000000702600000, 0x000000076ab00000)
  object space 1087488K, 70% used [0x00000006c0000000,0x00000006eea59ea8,0x0000000702600000)
 Metaspace       used 6666K, capacity 7384K, committed 7680K, reserved 1056768K
  class space    used 621K, capacity 656K, committed 768K, reserved 1048576K
Event: 36.378 GC heap after
Heap after GC invocations=21 (full 5):
 PSYoungGen      total 928768K, used 191470K [0x000000076ab00000, 0x00000007ba880000, 0x00000007c0000000)
  eden space 737280K, 0% used [0x000000076ab00000,0x000000076ab00000,0x0000000797b00000)
  from space 191488K, 99% used [0x0000000797b00000,0x00000007a35fb8e8,0x00000007a3600000)
  to   space 229376K, 0% used [0x00000007ac880000,0x00000007ac880000,0x00000007ba880000)
 ParOldGen       total 1087488K, used 779190K [0x00000006c0000000, 0x0000000702600000, 0x000000076ab00000)
  object space 1087488K, 71% used [0x00000006c0000000,0x00000006ef8ed800,0x0000000702600000)
 Metaspace       used 6666K, capacity 7384K, committed 7680K, reserved 1056768K
  class space    used 621K, capacity 656K, committed 768K, reserved 1048576K
}
Event: 40.787 GC heap before
{Heap before GC invocations=22 (full 5):
 PSYoungGen      total 928768K, used 928750K [0x000000076ab00000, 0x00000007ba880000, 0x00000007c0000000)
  eden space 737280K, 100% used [0x000000076ab00000,0x0000000797b00000,0x0000000797b00000)
  from space 191488K, 99% used [0x0000000797b00000,0x00000007a35fb8e8,0x00000007a3600000)
  to   space 229376K, 0% used [0x00000007ac880000,0x00000007ac880000,0x00000007ba880000)
 ParOldGen       total 1087488K, used 779190K [0x00000006c0000000, 0x0000000702600000, 0x000000076ab00000)
  object space 1087488K, 71% used [0x00000006c0000000,0x00000006ef8ed800,0x0000000702600000)
 Metaspace       used 7384K, capacity 7832K, committed 7936K, reserved 1056768K
  class space    used 669K, capacity 720K, committed 768K, reserved 1048576K

