# JRE version: Java(TM) SE Runtime Environment (8.0_45-b15) (build 1.8.0_45-b15)
# Java VM: Java HotSpot(TM) 64-Bit Server VM (25.45-b02 mixed mode windows-amd64 compressed oops)
Heap:
 PSYoungGen      total 787968K, used 119086K [0x000000076ab00000, 0x00000007a7b00000, 0x00000007c0000000)
  eden space 603136K, 0% used [0x000000076ab00000,0x000000076ab00000,0x000000078f800000)
  from space 184832K, 64% used [0x000000079b480000,0x00000007a28cb860,0x00000007a6900000)
  to   space 193024K, 0% used [0x000000078f800000,0x000000078f800000,0x000000079b480000)
 ParOldGen       total 390656K, used 390422K [0x00000006c0000000, 0x00000006d7d80000, 0x000000076ab00000)
  object space 390656K, 99% used [0x00000006c0000000,0x00000006d7d45970,0x00000006d7d80000)
 Metaspace       used 6599K, capacity 7320K, committed 7680K, reserved 1056768K
  class space    used 616K, capacity 656K, committed 768K, reserved 1048576K
GC Heap History (10 events):
Event: 10.433 GC heap after
Heap after GC invocations=12 (full 2):
 PSYoungGen      total 470016K, used 6600K [0x000000076ab00000, 0x0000000795a00000, 0x00000007c0000000)
  eden space 453120K, 0% used [0x000000076ab00000,0x000000076ab00000,0x0000000786580000)
  from space 16896K, 39% used [0x000000078ca80000,0x000000078d0f2208,0x000000078db00000)
  to   space 103424K, 0% used [0x0000000786580000,0x0000000786580000,0x000000078ca80000)
 ParOldGen       total 359936K, used 203728K [0x00000006c0000000, 0x00000006d5f80000, 0x000000076ab00000)
  object space 359936K, 56% used [0x00000006c0000000,0x00000006cc6f4380,0x00000006d5f80000)
 Metaspace       used 6566K, capacity 7320K, committed 7680K, reserved 1056768K
  class space    used 615K, capacity 656K, committed 768K, reserved 1048576K
}
Event: 12.395 GC heap before
{Heap before GC invocations=13 (full 2):
 PSYoungGen      total 470016K, used 459720K [0x000000076ab00000, 0x0000000795a00000, 0x00000007c0000000)
  eden space 453120K, 100% used [0x000000076ab00000,0x0000000786580000,0x0000000786580000)
  from space 16896K, 39% used [0x000000078ca80000,0x000000078d0f2208,0x000000078db00000)
  to   space 103424K, 0% used [0x0000000786580000,0x0000000786580000,0x000000078ca80000)
 ParOldGen       total 359936K, used 203728K [0x00000006c0000000, 0x00000006d5f80000, 0x000000076ab00000)
  object space 359936K, 56% used [0x00000006c0000000,0x00000006cc6f4380,0x00000006d5f80000)
 Metaspace       used 6582K, capacity 7320K, committed 7680K, reserved 1056768K
  class space    used 615K, capacity 656K, committed 768K, reserved 1048576K
Event: 12.626 GC heap after
Heap after GC invocations=13 (full 2):
 PSYoungGen      total 556544K, used 75210K [0x000000076ab00000, 0x0000000799180000, 0x00000007c0000000)
  eden space 453120K, 0% used [0x000000076ab00000,0x000000076ab00000,0x0000000786580000)
  from space 103424K, 72% used [0x0000000786580000,0x000000078aef2958,0x000000078ca80000)
  to   space 111104K, 0% used [0x0000000792500000,0x0000000792500000,0x0000000799180000)
 ParOldGen       total 359936K, used 207594K [0x00000006c0000000, 0x00000006d5f80000, 0x000000076ab00000)
  object space 359936K, 57% used [0x00000006c0000000,0x00000006ccaba978,0x00000006d5f80000)
 Metaspace       used 6582K, capacity 7320K, committed 7680K, reserved 1056768K
  class space    used 615K, capacity 656K, committed 768K, reserved 1048576K
}
Event: 14.430 GC heap before
{Heap before GC invocations=14 (full 2):
 PSYoungGen      total 556544K, used 528330K [0x000000076ab00000, 0x0000000799180000, 0x00000007c0000000)
  eden space 453120K, 100% used [0x000000076ab00000,0x0000000786580000,0x0000000786580000)
  from space 103424K, 72% used [0x0000000786580000,0x000000078aef2958,0x000000078ca80000)
  to   space 111104K, 0% used [0x0000000792500000,0x0000000792500000,0x0000000799180000)
 ParOldGen       total 359936K, used 207594K [0x00000006c0000000, 0x00000006d5f80000, 0x000000076ab00000)
  object space 359936K, 57% used [0x00000006c0000000,0x00000006ccaba978,0x00000006d5f80000)
 Metaspace       used 6586K, capacity 7320K, committed 7680K, reserved 1056768K
  class space    used 615K, capacity 656K, committed 768K, reserved 1048576K
Event: 14.642 GC heap after
Heap after GC invocations=14 (full 2):
 PSYoungGen      total 619008K, used 111079K [0x000000076ab00000, 0x000000079cf80000, 0x00000007c0000000)
  eden space 507904K, 0% used [0x000000076ab00000,0x000000076ab00000,0x0000000789b00000)
  from space 111104K, 99% used [0x0000000792500000,0x0000000799179ec0,0x0000000799180000)
  to   space 141312K, 0% used [0x0000000789b00000,0x0000000789b00000,0x0000000792500000)
 ParOldGen       total 359936K, used 237900K [0x00000006c0000000, 0x00000006d5f80000, 0x000000076ab00000)
  object space 359936K, 66% used [0x00000006c0000000,0x00000006ce8531a8,0x00000006d5f80000)
 Metaspace       used 6586K, capacity 7320K, committed 7680K, reserved 1056768K
  class space    used 615K, capacity 656K, committed 768K, reserved 1048576K
}
Event: 16.683 GC heap before
{Heap before GC invocations=15 (full 2):
 PSYoungGen      total 619008K, used 618983K [0x000000076ab00000, 0x000000079cf80000, 0x00000007c0000000)
  eden space 507904K, 100% used [0x000000076ab00000,0x0000000789b00000,0x0000000789b00000)
  from space 111104K, 99% used [0x0000000792500000,0x0000000799179ec0,0x0000000799180000)
  to   space 141312K, 0% used [0x0000000789b00000,0x0000000789b00000,0x0000000792500000)
 ParOldGen       total 359936K, used 237900K [0x00000006c0000000, 0x00000006d5f80000, 0x000000076ab00000)
  object space 359936K, 66% used [0x00000006c0000000,0x00000006ce8531a8,0x00000006d5f80000)
 Metaspace       used 6589K, capacity 7320K, committed 7680K, reserved 1056768K
  class space    used 615K, capacity 656K, committed 768K, reserved 1048576K
Event: 16.961 GC heap after
Heap after GC invocations=15 (full 2):
 PSYoungGen      total 649216K, used 141291K [0x000000076ab00000, 0x00000007a6900000, 0x00000007c0000000)
  eden space 507904K, 0% used [0x000000076ab00000,0x000000076ab00000,0x0000000789b00000)
  from space 141312K, 99% used [0x0000000789b00000,0x00000007924faf68,0x0000000792500000)
  to   space 184832K, 0% used [0x000000079b480000,0x000000079b480000,0x00000007a6900000)
 ParOldGen       total 359936K, used 288483K [0x00000006c0000000, 0x00000006d5f80000, 0x000000076ab00000)
  object space 359936K, 80% used [0x00000006c0000000,0x00000006d19b8fd0,0x00000006d5f80000)
 Metaspace       used 6589K, capacity 7320K, committed 7680K, reserved 1056768K
  class space    used 615K, capacity 656K, committed 768K, reserved 1048576K
}
Event: 18.955 GC heap before
{Heap before GC invocations=16 (full 2):
 PSYoungGen      total 649216K, used 649195K [0x000000076ab00000, 0x00000007a6900000, 0x00000007c0000000)
  eden space 507904K, 100% used [0x000000076ab00000,0x0000000789b00000,0x0000000789b00000)
  from space 141312K, 99% used [0x0000000789b00000,0x00000007924faf68,0x0000000792500000)
  to   space 184832K, 0% used [0x000000079b480000,0x000000079b480000,0x00000007a6900000)
 ParOldGen       total 359936K, used 288483K [0x00000006c0000000, 0x00000006d5f80000, 0x000000076ab00000)
  object space 359936K, 80% used [0x00000006c0000000,0x00000006d19b8fd0,0x00000006d5f80000)
 Metaspace       used 6599K, capacity 7320K, committed 7680K, reserved 1056768K
  class space    used 616K, capacity 656K, committed 768K, reserved 1048576K
Event: 19.200 GC heap after
Heap after GC invocations=16 (full 2):
 PSYoungGen      total 787968K, used 119086K [0x000000076ab00000, 0x00000007a7b00000, 0x00000007c0000000)
  eden space 603136K, 0% used [0x000000076ab00000,0x000000076ab00000,0x000000078f800000)
  from space 184832K, 64% used [0x000000079b480000,0x00000007a28cb860,0x00000007a6900000)
  to   space 193024K, 0% used [0x000000078f800000,0x000000078f800000,0x000000079b480000)
 ParOldGen       total 390656K, used 390422K [0x00000006c0000000, 0x00000006d7d80000, 0x000000076ab00000)
  object space 390656K, 99% used [0x00000006c0000000,0x00000006d7d45970,0x00000006d7d80000)
 Metaspace       used 6599K, capacity 7320K, committed 7680K, reserved 1056768K
  class space    used 616K, capacity 656K, committed 768K, reserved 1048576K
}
Event: 19.200 GC heap before
{Heap before GC invocations=17 (full 3):
 PSYoungGen      total 787968K, used 119086K [0x000000076ab00000, 0x00000007a7b00000, 0x00000007c0000000)
  eden space 603136K, 0% used [0x000000076ab00000,0x000000076ab00000,0x000000078f800000)
  from space 184832K, 64% used [0x000000079b480000,0x00000007a28cb860,0x00000007a6900000)
  to   space 193024K, 0% used [0x000000078f800000,0x000000078f800000,0x000000079b480000)
 ParOldGen       total 390656K, used 390422K [0x00000006c0000000, 0x00000006d7d80000, 0x000000076ab00000)
  object space 390656K, 99% used [0x00000006c0000000,0x00000006d7d45970,0x00000006d7d80000)
 Metaspace       used 6599K, capacity 7320K, committed 7680K, reserved 1056768K
  class space    used 616K, capacity 656K, committed 768K, reserved 1048576K

