# JRE version: Java(TM) SE Runtime Environment (8.0_45-b15) (build 1.8.0_45-b15)
# Java VM: Java HotSpot(TM) 64-Bit Server VM (25.45-b02 mixed mode windows-amd64 compressed oops)
Heap:
 PSYoungGen      total 468992K, used 16376K [0x000000076ab00000, 0x0000000794d00000, 0x00000007c0000000)
  eden space 452608K, 0% used [0x000000076ab00000,0x000000076ab00000,0x0000000786500000)
  from space 16384K, 99% used [0x000000078c980000,0x000000078d97e298,0x000000078d980000)
  to   space 102912K, 0% used [0x0000000786500000,0x0000000786500000,0x000000078c980000)
 ParOldGen       total 204288K, used 204005K [0x00000006c0000000, 0x00000006cc780000, 0x000000076ab00000)
  object space 204288K, 99% used [0x00000006c0000000,0x00000006cc739568,0x00000006cc780000)
 Metaspace       used 6573K, capacity 7320K, committed 7680K, reserved 1056768K
  class space    used 615K, capacity 656K, committed 768K, reserved 1048576K
GC Heap History (10 events):
Event: 4.012 GC heap after
Heap after GC invocations=7 (full 0):
 PSYoungGen      total 289792K, used 30179K [0x000000076ab00000, 0x0000000790c00000, 0x00000007c0000000)
  eden space 259584K, 0% used [0x000000076ab00000,0x000000076ab00000,0x000000077a880000)
  from space 30208K, 99% used [0x000000077a880000,0x000000077c5f8c30,0x000000077c600000)
  to   space 52224K, 0% used [0x000000078d900000,0x000000078d900000,0x0000000790c00000)
 ParOldGen       total 87552K, used 60147K [0x00000006c0000000, 0x00000006c5580000, 0x000000076ab00000)
  object space 87552K, 68% used [0x00000006c0000000,0x00000006c3abcd90,0x00000006c5580000)
 Metaspace       used 6524K, capacity 7320K, committed 7680K, reserved 1056768K
  class space    used 614K, capacity 656K, committed 768K, reserved 1048576K
}
Event: 4.012 GC heap before
{Heap before GC invocations=8 (full 1):
 PSYoungGen      total 289792K, used 30179K [0x000000076ab00000, 0x0000000790c00000, 0x00000007c0000000)
  eden space 259584K, 0% used [0x000000076ab00000,0x000000076ab00000,0x000000077a880000)
  from space 30208K, 99% used [0x000000077a880000,0x000000077c5f8c30,0x000000077c600000)
  to   space 52224K, 0% used [0x000000078d900000,0x000000078d900000,0x0000000790c00000)
 ParOldGen       total 87552K, used 60147K [0x00000006c0000000, 0x00000006c5580000, 0x000000076ab00000)
  object space 87552K, 68% used [0x00000006c0000000,0x00000006c3abcd90,0x00000006c5580000)
 Metaspace       used 6524K, capacity 7320K, committed 7680K, reserved 1056768K
  class space    used 614K, capacity 656K, committed 768K, reserved 1048576K
Event: 4.636 GC heap after
Heap after GC invocations=8 (full 1):
 PSYoungGen      total 289792K, used 475K [0x000000076ab00000, 0x0000000790c00000, 0x00000007c0000000)
  eden space 259584K, 0% used [0x000000076ab00000,0x000000076ab00000,0x000000077a880000)
  from space 30208K, 1% used [0x000000077a880000,0x000000077a8f6e68,0x000000077c600000)
  to   space 52224K, 0% used [0x000000078d900000,0x000000078d900000,0x0000000790c00000)
 ParOldGen       total 171520K, used 87089K [0x00000006c0000000, 0x00000006ca780000, 0x000000076ab00000)
  object space 171520K, 50% used [0x00000006c0000000,0x00000006c550c720,0x00000006ca780000)
 Metaspace       used 6524K, capacity 7320K, committed 7680K, reserved 1056768K
  class space    used 614K, capacity 656K, committed 768K, reserved 1048576K
}
Event: 5.677 GC heap before
{Heap before GC invocations=9 (full 1):
 PSYoungGen      total 289792K, used 260059K [0x000000076ab00000, 0x0000000790c00000, 0x00000007c0000000)
  eden space 259584K, 100% used [0x000000076ab00000,0x000000077a880000,0x000000077a880000)
  from space 30208K, 1% used [0x000000077a880000,0x000000077a8f6e68,0x000000077c600000)
  to   space 52224K, 0% used [0x000000078d900000,0x000000078d900000,0x0000000790c00000)
 ParOldGen       total 171520K, used 87089K [0x00000006c0000000, 0x00000006ca780000, 0x000000076ab00000)
  object space 171520K, 50% used [0x00000006c0000000,0x00000006c550c720,0x00000006ca780000)
 Metaspace       used 6547K, capacity 7320K, committed 7680K, reserved 1056768K
  class space    used 615K, capacity 656K, committed 768K, reserved 1048576K
Event: 5.757 GC heap after
Heap after GC invocations=9 (full 1):
 PSYoungGen      total 376320K, used 41794K [0x000000076ab00000, 0x0000000790200000, 0x00000007c0000000)
  eden space 334336K, 0% used [0x000000076ab00000,0x000000076ab00000,0x000000077f180000)
  from space 41984K, 99% used [0x000000078d900000,0x00000007901d09b8,0x0000000790200000)
  to   space 57856K, 0% used [0x0000000789100000,0x0000000789100000,0x000000078c980000)
 ParOldGen       total 171520K, used 87097K [0x00000006c0000000, 0x00000006ca780000, 0x000000076ab00000)
  object space 171520K, 50% used [0x00000006c0000000,0x00000006c550e720,0x00000006ca780000)
 Metaspace       used 6547K, capacity 7320K, committed 7680K, reserved 1056768K
  class space    used 615K, capacity 656K, committed 768K, reserved 1048576K
}
Event: 6.934 GC heap before
{Heap before GC invocations=10 (full 1):
 PSYoungGen      total 376320K, used 376130K [0x000000076ab00000, 0x0000000790200000, 0x00000007c0000000)
  eden space 334336K, 100% used [0x000000076ab00000,0x000000077f180000,0x000000077f180000)
  from space 41984K, 99% used [0x000000078d900000,0x00000007901d09b8,0x0000000790200000)
  to   space 57856K, 0% used [0x0000000789100000,0x0000000789100000,0x000000078c980000)
 ParOldGen       total 171520K, used 87097K [0x00000006c0000000, 0x00000006ca780000, 0x000000076ab00000)
  object space 171520K, 50% used [0x00000006c0000000,0x00000006c550e720,0x00000006ca780000)
 Metaspace       used 6564K, capacity 7320K, committed 7680K, reserved 1056768K
  class space    used 615K, capacity 656K, committed 768K, reserved 1048576K
Event: 7.052 GC heap after
Heap after GC invocations=10 (full 1):
 PSYoungGen      total 456192K, used 57830K [0x000000076ab00000, 0x000000078d980000, 0x00000007c0000000)
  eden space 398336K, 0% used [0x000000076ab00000,0x000000076ab00000,0x0000000783000000)
  from space 57856K, 99% used [0x0000000789100000,0x000000078c979868,0x000000078c980000)
  to   space 16384K, 0% used [0x000000078c980000,0x000000078c980000,0x000000078d980000)
 ParOldGen       total 171520K, used 117885K [0x00000006c0000000, 0x00000006ca780000, 0x000000076ab00000)
  object space 171520K, 68% used [0x00000006c0000000,0x00000006c731f488,0x00000006ca780000)
 Metaspace       used 6564K, capacity 7320K, committed 7680K, reserved 1056768K
  class space    used 615K, capacity 656K, committed 768K, reserved 1048576K
}
Event: 8.103 GC heap before
{Heap before GC invocations=11 (full 1):
 PSYoungGen      total 456192K, used 456166K [0x000000076ab00000, 0x000000078d980000, 0x00000007c0000000)
  eden space 398336K, 100% used [0x000000076ab00000,0x0000000783000000,0x0000000783000000)
  from space 57856K, 99% used [0x0000000789100000,0x000000078c979868,0x000000078c980000)
  to   space 16384K, 0% used [0x000000078c980000,0x000000078c980000,0x000000078d980000)
 ParOldGen       total 171520K, used 117885K [0x00000006c0000000, 0x00000006ca780000, 0x000000076ab00000)
  object space 171520K, 68% used [0x00000006c0000000,0x00000006c731f488,0x00000006ca780000)
 Metaspace       used 6573K, capacity 7320K, committed 7680K, reserved 1056768K
  class space    used 615K, capacity 656K, committed 768K, reserved 1048576K
Event: 8.239 GC heap after
Heap after GC invocations=11 (full 1):
 PSYoungGen      total 468992K, used 16376K [0x000000076ab00000, 0x0000000794d00000, 0x00000007c0000000)
  eden space 452608K, 0% used [0x000000076ab00000,0x000000076ab00000,0x0000000786500000)
  from space 16384K, 99% used [0x000000078c980000,0x000000078d97e298,0x000000078d980000)
  to   space 102912K, 0% used [0x0000000786500000,0x0000000786500000,0x000000078c980000)
 ParOldGen       total 204288K, used 204005K [0x00000006c0000000, 0x00000006cc780000, 0x000000076ab00000)
  object space 204288K, 99% used [0x00000006c0000000,0x00000006cc739568,0x00000006cc780000)
 Metaspace       used 6573K, capacity 7320K, committed 7680K, reserved 1056768K
  class space    used 615K, capacity 656K, committed 768K, reserved 1048576K
}
Event: 8.239 GC heap before
{Heap before GC invocations=12 (full 2):
 PSYoungGen      total 468992K, used 16376K [0x000000076ab00000, 0x0000000794d00000, 0x00000007c0000000)
  eden space 452608K, 0% used [0x000000076ab00000,0x000000076ab00000,0x0000000786500000)
  from space 16384K, 99% used [0x000000078c980000,0x000000078d97e298,0x000000078d980000)
  to   space 102912K, 0% used [0x0000000786500000,0x0000000786500000,0x000000078c980000)
 ParOldGen       total 204288K, used 204005K [0x00000006c0000000, 0x00000006cc780000, 0x000000076ab00000)
  object space 204288K, 99% used [0x00000006c0000000,0x00000006cc739568,0x00000006cc780000)
 Metaspace       used 6573K, capacity 7320K, committed 7680K, reserved 1056768K
  class space    used 615K, capacity 656K, committed 768K, reserved 1048576K

