# JRE version: Java(TM) SE Runtime Environment (8.0_45-b15) (build 1.8.0_45-b15)
# Java VM: Java HotSpot(TM) 64-Bit Server VM (25.45-b02 mixed mode windows-amd64 compressed oops)
Heap:
 PSYoungGen      total 681472K, used 664298K [0x000000076ab00000, 0x00000007a0d80000, 0x00000007c0000000)
  eden space 585216K, 100% used [0x000000076ab00000,0x000000078e680000,0x000000078e680000)
  from space 96256K, 82% used [0x0000000796480000,0x000000079b1bab68,0x000000079c280000)
  to   space 129024K, 61% used [0x000000078e680000,0x0000000793470bc8,0x0000000796480000)
 ParOldGen       total 304640K, used 244440K [0x00000006c0000000, 0x00000006d2980000, 0x000000076ab00000)
  object space 304640K, 80% used [0x00000006c0000000,0x00000006ceeb63a0,0x00000006d2980000)
 Metaspace       used 6589K, capacity 7320K, committed 7680K, reserved 1056768K
  class space    used 615K, capacity 656K, committed 768K, reserved 1048576K
GC Heap History (10 events):
Event: 5.443 GC heap after
Heap after GC invocations=8 (full 0):
 PSYoungGen      total 551424K, used 51700K [0x000000076ab00000, 0x0000000792e00000, 0x00000007c0000000)
  eden space 499712K, 0% used [0x000000076ab00000,0x000000076ab00000,0x0000000789300000)
  from space 51712K, 99% used [0x000000078d780000,0x00000007909fd2d0,0x0000000790a00000)
  to   space 70144K, 0% used [0x0000000789300000,0x0000000789300000,0x000000078d780000)
 ParOldGen       total 87552K, used 77700K [0x00000006c0000000, 0x00000006c5580000, 0x000000076ab00000)
  object space 87552K, 88% used [0x00000006c0000000,0x00000006c4be1078,0x00000006c5580000)
 Metaspace       used 6546K, capacity 7320K, committed 7680K, reserved 1056768K
  class space    used 614K, capacity 656K, committed 768K, reserved 1048576K
}
Event: 5.443 GC heap before
{Heap before GC invocations=9 (full 1):
 PSYoungGen      total 551424K, used 51700K [0x000000076ab00000, 0x0000000792e00000, 0x00000007c0000000)
  eden space 499712K, 0% used [0x000000076ab00000,0x000000076ab00000,0x0000000789300000)
  from space 51712K, 99% used [0x000000078d780000,0x00000007909fd2d0,0x0000000790a00000)
  to   space 70144K, 0% used [0x0000000789300000,0x0000000789300000,0x000000078d780000)
 ParOldGen       total 87552K, used 77700K [0x00000006c0000000, 0x00000006c5580000, 0x000000076ab00000)
  object space 87552K, 88% used [0x00000006c0000000,0x00000006c4be1078,0x00000006c5580000)
 Metaspace       used 6546K, capacity 7320K, committed 7680K, reserved 1056768K
  class space    used 614K, capacity 656K, committed 768K, reserved 1048576K
Event: 6.146 GC heap after
Heap after GC invocations=9 (full 1):
 PSYoungGen      total 551424K, used 35858K [0x000000076ab00000, 0x0000000792e00000, 0x00000007c0000000)
  eden space 499712K, 0% used [0x000000076ab00000,0x000000076ab00000,0x0000000789300000)
  from space 51712K, 69% used [0x000000078d780000,0x000000078fa84990,0x0000000790a00000)
  to   space 70144K, 0% used [0x0000000789300000,0x0000000789300000,0x000000078d780000)
 ParOldGen       total 169984K, used 87228K [0x00000006c0000000, 0x00000006ca600000, 0x000000076ab00000)
  object space 169984K, 51% used [0x00000006c0000000,0x00000006c552f1b0,0x00000006ca600000)
 Metaspace       used 6546K, capacity 7320K, committed 7680K, reserved 1056768K
  class space    used 614K, capacity 656K, committed 768K, reserved 1048576K
}
Event: 7.996 GC heap before
{Heap before GC invocations=10 (full 1):
 PSYoungGen      total 551424K, used 535570K [0x000000076ab00000, 0x0000000792e00000, 0x00000007c0000000)
  eden space 499712K, 100% used [0x000000076ab00000,0x0000000789300000,0x0000000789300000)
  from space 51712K, 69% used [0x000000078d780000,0x000000078fa84990,0x0000000790a00000)
  to   space 70144K, 0% used [0x0000000789300000,0x0000000789300000,0x000000078d780000)
 ParOldGen       total 169984K, used 87228K [0x00000006c0000000, 0x00000006ca600000, 0x000000076ab00000)
  object space 169984K, 51% used [0x00000006c0000000,0x00000006c552f1b0,0x00000006ca600000)
 Metaspace       used 6562K, capacity 7320K, committed 7680K, reserved 1056768K
  class space    used 615K, capacity 656K, committed 768K, reserved 1048576K
Event: 8.178 GC heap after
Heap after GC invocations=10 (full 1):
 PSYoungGen      total 569856K, used 70139K [0x000000076ab00000, 0x000000079c280000, 0x00000007c0000000)
  eden space 499712K, 0% used [0x000000076ab00000,0x000000076ab00000,0x0000000789300000)
  from space 70144K, 99% used [0x0000000789300000,0x000000078d77ef08,0x000000078d780000)
  to   space 96256K, 0% used [0x0000000796480000,0x0000000796480000,0x000000079c280000)
 ParOldGen       total 169984K, used 118765K [0x00000006c0000000, 0x00000006ca600000, 0x000000076ab00000)
  object space 169984K, 69% used [0x00000006c0000000,0x00000006c73fb648,0x00000006ca600000)
 Metaspace       used 6562K, capacity 7320K, committed 7680K, reserved 1056768K
  class space    used 615K, capacity 656K, committed 768K, reserved 1048576K
}
Event: 10.047 GC heap before
{Heap before GC invocations=11 (full 1):
 PSYoungGen      total 569856K, used 569851K [0x000000076ab00000, 0x000000079c280000, 0x00000007c0000000)
  eden space 499712K, 100% used [0x000000076ab00000,0x0000000789300000,0x0000000789300000)
  from space 70144K, 99% used [0x0000000789300000,0x000000078d77ef08,0x000000078d780000)
  to   space 96256K, 0% used [0x0000000796480000,0x0000000796480000,0x000000079c280000)
 ParOldGen       total 169984K, used 118765K [0x00000006c0000000, 0x00000006ca600000, 0x000000076ab00000)
  object space 169984K, 69% used [0x00000006c0000000,0x00000006c73fb648,0x00000006ca600000)
 Metaspace       used 6585K, capacity 7320K, committed 7680K, reserved 1056768K
  class space    used 615K, capacity 656K, committed 768K, reserved 1048576K
Event: 10.314 GC heap after
Heap after GC invocations=11 (full 1):
 PSYoungGen      total 681472K, used 96241K [0x000000076ab00000, 0x00000007a0d80000, 0x00000007c0000000)
  eden space 585216K, 0% used [0x000000076ab00000,0x000000076ab00000,0x000000078e680000)
  from space 96256K, 99% used [0x0000000796480000,0x000000079c27c758,0x000000079c280000)
  to   space 129024K, 0% used [0x000000078e680000,0x000000078e680000,0x0000000796480000)
 ParOldGen       total 169984K, used 160865K [0x00000006c0000000, 0x00000006ca600000, 0x000000076ab00000)
  object space 169984K, 94% used [0x00000006c0000000,0x00000006c9d18638,0x00000006ca600000)
 Metaspace       used 6585K, capacity 7320K, committed 7680K, reserved 1056768K
  class space    used 615K, capacity 656K, committed 768K, reserved 1048576K
}
Event: 10.314 GC heap before
{Heap before GC invocations=12 (full 2):
 PSYoungGen      total 681472K, used 96241K [0x000000076ab00000, 0x00000007a0d80000, 0x00000007c0000000)
  eden space 585216K, 0% used [0x000000076ab00000,0x000000076ab00000,0x000000078e680000)
  from space 96256K, 99% used [0x0000000796480000,0x000000079c27c758,0x000000079c280000)
  to   space 129024K, 0% used [0x000000078e680000,0x000000078e680000,0x0000000796480000)
 ParOldGen       total 169984K, used 160865K [0x00000006c0000000, 0x00000006ca600000, 0x000000076ab00000)
  object space 169984K, 94% used [0x00000006c0000000,0x00000006c9d18638,0x00000006ca600000)
 Metaspace       used 6585K, capacity 7320K, committed 7680K, reserved 1056768K
  class space    used 615K, capacity 656K, committed 768K, reserved 1048576K
Event: 11.788 GC heap after
Heap after GC invocations=12 (full 2):
 PSYoungGen      total 681472K, used 79082K [0x000000076ab00000, 0x00000007a0d80000, 0x00000007c0000000)
  eden space 585216K, 0% used [0x000000076ab00000,0x000000076ab00000,0x000000078e680000)
  from space 96256K, 82% used [0x0000000796480000,0x000000079b1bab68,0x000000079c280000)
  to   space 129024K, 0% used [0x000000078e680000,0x000000078e680000,0x0000000796480000)
 ParOldGen       total 304640K, used 169736K [0x00000006c0000000, 0x00000006d2980000, 0x000000076ab00000)
  object space 304640K, 55% used [0x00000006c0000000,0x00000006ca5c2348,0x00000006d2980000)
 Metaspace       used 6585K, capacity 7320K, committed 7680K, reserved 1056768K
  class space    used 615K, capacity 656K, committed 768K, reserved 1048576K
}
Event: 14.163 GC heap before
{Heap before GC invocations=13 (full 2):
 PSYoungGen      total 681472K, used 664298K [0x000000076ab00000, 0x00000007a0d80000, 0x00000007c0000000)
  eden space 585216K, 100% used [0x000000076ab00000,0x000000078e680000,0x000000078e680000)
  from space 96256K, 82% used [0x0000000796480000,0x000000079b1bab68,0x000000079c280000)
  to   space 129024K, 0% used [0x000000078e680000,0x000000078e680000,0x0000000796480000)
 ParOldGen       total 304640K, used 169736K [0x00000006c0000000, 0x00000006d2980000, 0x000000076ab00000)
  object space 304640K, 55% used [0x00000006c0000000,0x00000006ca5c2348,0x00000006d2980000)
 Metaspace       used 6589K, capacity 7320K, committed 7680K, reserved 1056768K
  class space    used 615K, capacity 656K, committed 768K, reserved 1048576K

