# JRE version: Java(TM) SE Runtime Environment (8.0_45-b15) (build 1.8.0_45-b15)
# Java VM: Java HotSpot(TM) 64-Bit Server VM (25.45-b02 mixed mode windows-amd64 compressed oops)
Heap:
 PSYoungGen      total 939008K, used 907489K [0x000000076ab00000, 0x00000007bbc80000, 0x00000007c0000000)
  eden space 684544K, 100% used [0x000000076ab00000,0x0000000794780000,0x0000000794780000)
  from space 254464K, 87% used [0x0000000794780000,0x00000007a2138698,0x00000007a4000000)
  to   space 285184K, 84% used [0x00000007aa600000,0x00000007b9206dc0,0x00000007bbc80000)
 ParOldGen       total 872960K, used 676492K [0x00000006c0000000, 0x00000006f5480000, 0x000000076ab00000)
  object space 872960K, 77% used [0x00000006c0000000,0x00000006e94a3118,0x00000006f5480000)
 Metaspace       used 6686K, capacity 7384K, committed 7680K, reserved 1056768K
  class space    used 621K, capacity 656K, committed 768K, reserved 1048576K
GC Heap History (10 events):
Event: 24.267 GC heap after
Heap after GC invocations=17 (full 3):
 PSYoungGen      total 779776K, used 174563K [0x000000076ab00000, 0x00000007b3100000, 0x00000007c0000000)
  eden space 605184K, 0% used [0x000000076ab00000,0x000000076ab00000,0x000000078fa00000)
  from space 174592K, 99% used [0x000000079ee00000,0x00000007a9878db8,0x00000007a9880000)
  to   space 249856K, 0% used [0x000000078fa00000,0x000000078fa00000,0x000000079ee00000)
 ParOldGen       total 540672K, used 540662K [0x00000006c0000000, 0x00000006e1000000, 0x000000076ab00000)
  object space 540672K, 99% used [0x00000006c0000000,0x00000006e0ffd9d0,0x00000006e1000000)
 Metaspace       used 6605K, capacity 7320K, committed 7680K, reserved 1056768K
  class space    used 617K, capacity 656K, committed 768K, reserved 1048576K
}
Event: 24.267 GC heap before
{Heap before GC invocations=18 (full 4):
 PSYoungGen      total 779776K, used 174563K [0x000000076ab00000, 0x00000007b3100000, 0x00000007c0000000)
  eden space 605184K, 0% used [0x000000076ab00000,0x000000076ab00000,0x000000078fa00000)
  from space 174592K, 99% used [0x000000079ee00000,0x00000007a9878db8,0x00000007a9880000)
  to   space 249856K, 0% used [0x000000078fa00000,0x000000078fa00000,0x000000079ee00000)
 ParOldGen       total 540672K, used 540662K [0x00000006c0000000, 0x00000006e1000000, 0x000000076ab00000)
  object space 540672K, 99% used [0x00000006c0000000,0x00000006e0ffd9d0,0x00000006e1000000)
 Metaspace       used 6605K, capacity 7320K, committed 7680K, reserved 1056768K
  class space    used 617K, capacity 656K, committed 768K, reserved 1048576K
Event: 27.740 GC heap after
Heap after GC invocations=18 (full 4):
 PSYoungGen      total 779776K, used 164269K [0x000000076ab00000, 0x00000007b3100000, 0x00000007c0000000)
  eden space 605184K, 0% used [0x000000076ab00000,0x000000076ab00000,0x000000078fa00000)
  from space 174592K, 94% used [0x000000079ee00000,0x00000007a8e6b4f8,0x00000007a9880000)
  to   space 249856K, 0% used [0x000000078fa00000,0x000000078fa00000,0x000000079ee00000)
 ParOldGen       total 872960K, used 540534K [0x00000006c0000000, 0x00000006f5480000, 0x000000076ab00000)
  object space 872960K, 61% used [0x00000006c0000000,0x00000006e0fdd880,0x00000006f5480000)
 Metaspace       used 6605K, capacity 7320K, committed 7680K, reserved 1056768K
  class space    used 617K, capacity 656K, committed 768K, reserved 1048576K
}
Event: 28.949 GC heap before
{Heap before GC invocations=19 (full 4):
 PSYoungGen      total 779776K, used 769453K [0x000000076ab00000, 0x00000007b3100000, 0x00000007c0000000)
  eden space 605184K, 100% used [0x000000076ab00000,0x000000078fa00000,0x000000078fa00000)
  from space 174592K, 94% used [0x000000079ee00000,0x00000007a8e6b4f8,0x00000007a9880000)
  to   space 249856K, 0% used [0x000000078fa00000,0x000000078fa00000,0x000000079ee00000)
 ParOldGen       total 872960K, used 540534K [0x00000006c0000000, 0x00000006f5480000, 0x000000076ab00000)
  object space 872960K, 61% used [0x00000006c0000000,0x00000006e0fdd880,0x00000006f5480000)
 Metaspace       used 6605K, capacity 7320K, committed 7680K, reserved 1056768K
  class space    used 617K, capacity 656K, committed 768K, reserved 1048576K
Event: 29.280 GC heap after
Heap after GC invocations=19 (full 4):
 PSYoungGen      total 855040K, used 170219K [0x000000076ab00000, 0x00000007b4480000, 0x00000007c0000000)
  eden space 605184K, 0% used [0x000000076ab00000,0x000000076ab00000,0x000000078fa00000)
  from space 249856K, 68% used [0x000000078fa00000,0x000000079a03acf0,0x000000079ee00000)
  to   space 264192K, 0% used [0x00000007a4280000,0x00000007a4280000,0x00000007b4480000)
 ParOldGen       total 872960K, used 676492K [0x00000006c0000000, 0x00000006f5480000, 0x000000076ab00000)
  object space 872960K, 77% used [0x00000006c0000000,0x00000006e94a3118,0x00000006f5480000)
 Metaspace       used 6605K, capacity 7320K, committed 7680K, reserved 1056768K
  class space    used 617K, capacity 656K, committed 768K, reserved 1048576K
}
Event: 30.232 GC heap before
{Heap before GC invocations=20 (full 4):
 PSYoungGen      total 855040K, used 775403K [0x000000076ab00000, 0x00000007b4480000, 0x00000007c0000000)
  eden space 605184K, 100% used [0x000000076ab00000,0x000000078fa00000,0x000000078fa00000)
  from space 249856K, 68% used [0x000000078fa00000,0x000000079a03acf0,0x000000079ee00000)
  to   space 264192K, 0% used [0x00000007a4280000,0x00000007a4280000,0x00000007b4480000)
 ParOldGen       total 872960K, used 676492K [0x00000006c0000000, 0x00000006f5480000, 0x000000076ab00000)
  object space 872960K, 77% used [0x00000006c0000000,0x00000006e94a3118,0x00000006f5480000)
 Metaspace       used 6606K, capacity 7320K, committed 7680K, reserved 1056768K
  class space    used 617K, capacity 656K, committed 768K, reserved 1048576K
Event: 30.365 GC heap after
Heap after GC invocations=20 (full 4):
 PSYoungGen      total 936448K, used 115073K [0x000000076ab00000, 0x00000007b3880000, 0x00000007c0000000)
  eden space 684544K, 0% used [0x000000076ab00000,0x000000076ab00000,0x0000000794780000)
  from space 251904K, 45% used [0x00000007a4280000,0x00000007ab2e0740,0x00000007b3880000)
  to   space 254464K, 0% used [0x0000000794780000,0x0000000794780000,0x00000007a4000000)
 ParOldGen       total 872960K, used 676492K [0x00000006c0000000, 0x00000006f5480000, 0x000000076ab00000)
  object space 872960K, 77% used [0x00000006c0000000,0x00000006e94a3118,0x00000006f5480000)
 Metaspace       used 6606K, capacity 7320K, committed 7680K, reserved 1056768K
  class space    used 617K, capacity 656K, committed 768K, reserved 1048576K
}
Event: 31.738 GC heap before
{Heap before GC invocations=21 (full 4):
 PSYoungGen      total 936448K, used 799617K [0x000000076ab00000, 0x00000007b3880000, 0x00000007c0000000)
  eden space 684544K, 100% used [0x000000076ab00000,0x0000000794780000,0x0000000794780000)
  from space 251904K, 45% used [0x00000007a4280000,0x00000007ab2e0740,0x00000007b3880000)
  to   space 254464K, 0% used [0x0000000794780000,0x0000000794780000,0x00000007a4000000)
 ParOldGen       total 872960K, used 676492K [0x00000006c0000000, 0x00000006f5480000, 0x000000076ab00000)
  object space 872960K, 77% used [0x00000006c0000000,0x00000006e94a3118,0x00000006f5480000)
 Metaspace       used 6607K, capacity 7384K, committed 7680K, reserved 1056768K
  class space    used 617K, capacity 656K, committed 768K, reserved 1048576K
Event: 32.094 GC heap after
Heap after GC invocations=21 (full 4):
 PSYoungGen      total 939008K, used 222945K [0x000000076ab00000, 0x00000007bbc80000, 0x00000007c0000000)
  eden space 684544K, 0% used [0x000000076ab00000,0x000000076ab00000,0x0000000794780000)
  from space 254464K, 87% used [0x0000000794780000,0x00000007a2138698,0x00000007a4000000)
  to   space 285184K, 0% used [0x00000007aa600000,0x00000007aa600000,0x00000007bbc80000)
 ParOldGen       total 872960K, used 676492K [0x00000006c0000000, 0x00000006f5480000, 0x000000076ab00000)
  object space 872960K, 77% used [0x00000006c0000000,0x00000006e94a3118,0x00000006f5480000)
 Metaspace       used 6607K, capacity 7384K, committed 7680K, reserved 1056768K
  class space    used 617K, capacity 656K, committed 768K, reserved 1048576K
}
Event: 33.705 GC heap before
{Heap before GC invocations=22 (full 4):
 PSYoungGen      total 939008K, used 907489K [0x000000076ab00000, 0x00000007bbc80000, 0x00000007c0000000)
  eden space 684544K, 100% used [0x000000076ab00000,0x0000000794780000,0x0000000794780000)
  from space 254464K, 87% used [0x0000000794780000,0x00000007a2138698,0x00000007a4000000)
  to   space 285184K, 0% used [0x00000007aa600000,0x00000007aa600000,0x00000007bbc80000)
 ParOldGen       total 872960K, used 676492K [0x00000006c0000000, 0x00000006f5480000, 0x000000076ab00000)
  object space 872960K, 77% used [0x00000006c0000000,0x00000006e94a3118,0x00000006f5480000)
 Metaspace       used 6686K, capacity 7384K, committed 7680K, reserved 1056768K
  class space    used 621K, capacity 656K, committed 768K, reserved 1048576K

