# JRE version: Java(TM) SE Runtime Environment (8.0_45-b15) (build 1.8.0_45-b15)
# Java VM: Java HotSpot(TM) 64-Bit Server VM (25.45-b02 mixed mode windows-amd64 compressed oops)
Heap:
 PSYoungGen      total 956416K, used 106682K [0x000000076ab00000, 0x00000007bb980000, 0x00000007c0000000)
  eden space 655360K, 0% used [0x000000076ab00000,0x000000076ab00000,0x0000000792b00000)
  from space 301056K, 35% used [0x0000000792b00000,0x000000079932eaa0,0x00000007a5100000)
  to   space 283136K, 0% used [0x00000007aa500000,0x00000007aa500000,0x00000007bb980000)
 ParOldGen       total 864256K, used 714790K [0x00000006c0000000, 0x00000006f4c00000, 0x000000076ab00000)
  object space 864256K, 82% used [0x00000006c0000000,0x00000006eba098e0,0x00000006f4c00000)
 Metaspace       used 6606K, capacity 7320K, committed 7680K, reserved 1056768K
  class space    used 617K, capacity 656K, committed 768K, reserved 1048576K
GC Heap History (10 events):
Event: 17.507 GC heap after
Heap after GC invocations=15 (full 3):
 PSYoungGen      total 790528K, used 113869K [0x000000076ab00000, 0x00000007a5300000, 0x00000007c0000000)
  eden space 653312K, 0% used [0x000000076ab00000,0x000000076ab00000,0x0000000792900000)
  from space 137216K, 82% used [0x000000079c480000,0x00000007a33b3558,0x00000007a4a80000)
  to   space 152576K, 0% used [0x0000000792900000,0x0000000792900000,0x000000079be00000)
 ParOldGen       total 512512K, used 309028K [0x00000006c0000000, 0x00000006df480000, 0x000000076ab00000)
  object space 512512K, 60% used [0x00000006c0000000,0x00000006d2dc9148,0x00000006df480000)
 Metaspace       used 6595K, capacity 7320K, committed 7680K, reserved 1056768K
  class space    used 616K, capacity 656K, committed 768K, reserved 1048576K
}
Event: 19.367 GC heap before
{Heap before GC invocations=16 (full 3):
 PSYoungGen      total 790528K, used 767181K [0x000000076ab00000, 0x00000007a5300000, 0x00000007c0000000)
  eden space 653312K, 100% used [0x000000076ab00000,0x0000000792900000,0x0000000792900000)
  from space 137216K, 82% used [0x000000079c480000,0x00000007a33b3558,0x00000007a4a80000)
  to   space 152576K, 0% used [0x0000000792900000,0x0000000792900000,0x000000079be00000)
 ParOldGen       total 512512K, used 309028K [0x00000006c0000000, 0x00000006df480000, 0x000000076ab00000)
  object space 512512K, 60% used [0x00000006c0000000,0x00000006d2dc9148,0x00000006df480000)
 Metaspace       used 6605K, capacity 7320K, committed 7680K, reserved 1056768K
  class space    used 617K, capacity 656K, committed 768K, reserved 1048576K
Event: 19.595 GC heap after
Heap after GC invocations=16 (full 3):
 PSYoungGen      total 805888K, used 152575K [0x000000076ab00000, 0x00000007b1700000, 0x00000007c0000000)
  eden space 653312K, 0% used [0x000000076ab00000,0x000000076ab00000,0x0000000792900000)
  from space 152576K, 99% used [0x0000000792900000,0x000000079bdffcb0,0x000000079be00000)
  to   space 202752K, 0% used [0x00000007a5100000,0x00000007a5100000,0x00000007b1700000)
 ParOldGen       total 512512K, used 374243K [0x00000006c0000000, 0x00000006df480000, 0x000000076ab00000)
  object space 512512K, 73% used [0x00000006c0000000,0x00000006d6d78df0,0x00000006df480000)
 Metaspace       used 6605K, capacity 7320K, committed 7680K, reserved 1056768K
  class space    used 617K, capacity 656K, committed 768K, reserved 1048576K
}
Event: 21.407 GC heap before
{Heap before GC invocations=17 (full 3):
 PSYoungGen      total 805888K, used 805887K [0x000000076ab00000, 0x00000007b1700000, 0x00000007c0000000)
  eden space 653312K, 100% used [0x000000076ab00000,0x0000000792900000,0x0000000792900000)
  from space 152576K, 99% used [0x0000000792900000,0x000000079bdffcb0,0x000000079be00000)
  to   space 202752K, 0% used [0x00000007a5100000,0x00000007a5100000,0x00000007b1700000)
 ParOldGen       total 512512K, used 374243K [0x00000006c0000000, 0x00000006df480000, 0x000000076ab00000)
  object space 512512K, 73% used [0x00000006c0000000,0x00000006d6d78df0,0x00000006df480000)
 Metaspace       used 6606K, capacity 7320K, committed 7680K, reserved 1056768K
  class space    used 617K, capacity 656K, committed 768K, reserved 1048576K
Event: 21.723 GC heap after
Heap after GC invocations=17 (full 3):
 PSYoungGen      total 858112K, used 202731K [0x000000076ab00000, 0x00000007be600000, 0x00000007c0000000)
  eden space 655360K, 0% used [0x000000076ab00000,0x000000076ab00000,0x0000000792b00000)
  from space 202752K, 99% used [0x00000007a5100000,0x00000007b16fae38,0x00000007b1700000)
  to   space 301056K, 0% used [0x0000000792b00000,0x0000000792b00000,0x00000007a5100000)
 ParOldGen       total 543744K, used 543478K [0x00000006c0000000, 0x00000006e1300000, 0x000000076ab00000)
  object space 543744K, 99% used [0x00000006c0000000,0x00000006e12bdbe0,0x00000006e1300000)
 Metaspace       used 6606K, capacity 7320K, committed 7680K, reserved 1056768K
  class space    used 617K, capacity 656K, committed 768K, reserved 1048576K
}
Event: 21.723 GC heap before
{Heap before GC invocations=18 (full 4):
 PSYoungGen      total 858112K, used 202731K [0x000000076ab00000, 0x00000007be600000, 0x00000007c0000000)
  eden space 655360K, 0% used [0x000000076ab00000,0x000000076ab00000,0x0000000792b00000)
  from space 202752K, 99% used [0x00000007a5100000,0x00000007b16fae38,0x00000007b1700000)
  to   space 301056K, 0% used [0x0000000792b00000,0x0000000792b00000,0x00000007a5100000)
 ParOldGen       total 543744K, used 543478K [0x00000006c0000000, 0x00000006e1300000, 0x000000076ab00000)
  object space 543744K, 99% used [0x00000006c0000000,0x00000006e12bdbe0,0x00000006e1300000)
 Metaspace       used 6606K, capacity 7320K, committed 7680K, reserved 1056768K
  class space    used 617K, capacity 656K, committed 768K, reserved 1048576K
Event: 24.644 GC heap after
Heap after GC invocations=18 (full 4):
 PSYoungGen      total 858112K, used 185079K [0x000000076ab00000, 0x00000007be600000, 0x00000007c0000000)
  eden space 655360K, 0% used [0x000000076ab00000,0x000000076ab00000,0x0000000792b00000)
  from space 202752K, 91% used [0x00000007a5100000,0x00000007b05bdd08,0x00000007b1700000)
  to   space 301056K, 0% used [0x0000000792b00000,0x0000000792b00000,0x00000007a5100000)
 ParOldGen       total 864256K, used 543257K [0x00000006c0000000, 0x00000006f4c00000, 0x000000076ab00000)
  object space 864256K, 62% used [0x00000006c0000000,0x00000006e1286750,0x00000006f4c00000)
 Metaspace       used 6606K, capacity 7320K, committed 7680K, reserved 1056768K
  class space    used 617K, capacity 656K, committed 768K, reserved 1048576K
}
Event: 26.163 GC heap before
{Heap before GC invocations=19 (full 4):
 PSYoungGen      total 858112K, used 840439K [0x000000076ab00000, 0x00000007be600000, 0x00000007c0000000)
  eden space 655360K, 100% used [0x000000076ab00000,0x0000000792b00000,0x0000000792b00000)
  from space 202752K, 91% used [0x00000007a5100000,0x00000007b05bdd08,0x00000007b1700000)
  to   space 301056K, 0% used [0x0000000792b00000,0x0000000792b00000,0x00000007a5100000)
 ParOldGen       total 864256K, used 543257K [0x00000006c0000000, 0x00000006f4c00000, 0x000000076ab00000)
  object space 864256K, 62% used [0x00000006c0000000,0x00000006e1286750,0x00000006f4c00000)
 Metaspace       used 6606K, capacity 7320K, committed 7680K, reserved 1056768K
  class space    used 617K, capacity 656K, committed 768K, reserved 1048576K
Event: 26.509 GC heap after
Heap after GC invocations=19 (full 4):
 PSYoungGen      total 956416K, used 106682K [0x000000076ab00000, 0x00000007bb980000, 0x00000007c0000000)
  eden space 655360K, 0% used [0x000000076ab00000,0x000000076ab00000,0x0000000792b00000)
  from space 301056K, 35% used [0x0000000792b00000,0x000000079932eaa0,0x00000007a5100000)
  to   space 283136K, 0% used [0x00000007aa500000,0x00000007aa500000,0x00000007bb980000)
 ParOldGen       total 864256K, used 714790K [0x00000006c0000000, 0x00000006f4c00000, 0x000000076ab00000)
  object space 864256K, 82% used [0x00000006c0000000,0x00000006eba098e0,0x00000006f4c00000)
 Metaspace       used 6606K, capacity 7320K, committed 7680K, reserved 1056768K
  class space    used 617K, capacity 656K, committed 768K, reserved 1048576K
}
Event: 26.509 GC heap before
{Heap before GC invocations=20 (full 5):
 PSYoungGen      total 956416K, used 106682K [0x000000076ab00000, 0x00000007bb980000, 0x00000007c0000000)
  eden space 655360K, 0% used [0x000000076ab00000,0x000000076ab00000,0x0000000792b00000)
  from space 301056K, 35% used [0x0000000792b00000,0x000000079932eaa0,0x00000007a5100000)
  to   space 283136K, 0% used [0x00000007aa500000,0x00000007aa500000,0x00000007bb980000)
 ParOldGen       total 864256K, used 714790K [0x00000006c0000000, 0x00000006f4c00000, 0x000000076ab00000)
  object space 864256K, 82% used [0x00000006c0000000,0x00000006eba098e0,0x00000006f4c00000)
 Metaspace       used 6606K, capacity 7320K, committed 7680K, reserved 1056768K
  class space    used 617K, capacity 656K, committed 768K, reserved 1048576K

