# JRE version: Java(TM) SE Runtime Environment (8.0_45-b15) (build 1.8.0_45-b15)
# Java VM: Java HotSpot(TM) 64-Bit Server VM (25.45-b02 mixed mode windows-amd64 compressed oops)
Heap:
 PSYoungGen      total 886784K, used 876188K [0x000000076ab00000, 0x00000007c0000000, 0x00000007c0000000)
  eden space 687104K, 100% used [0x000000076ab00000,0x0000000794a00000,0x0000000794a00000)
  from space 199680K, 94% used [0x00000007a7600000,0x00000007b2ea7218,0x00000007b3900000)
  to   space 307200K, 61% used [0x0000000794a00000,0x00000007a02a8d98,0x00000007a7600000)
 ParOldGen       total 2796544K, used 686367K [0x00000006c0000000, 0x000000076ab00000, 0x000000076ab00000)
  object space 2796544K, 24% used [0x00000006c0000000,0x00000006e9e47c70,0x000000076ab00000)
 Metaspace       used 6606K, capacity 7384K, committed 7680K, reserved 1056768K
  class space    used 617K, capacity 656K, committed 768K, reserved 1048576K
GC Heap History (10 events):
Event: 16.998 GC heap after
Heap after GC invocations=15 (full 3):
 PSYoungGen      total 802304K, used 112646K [0x000000076ab00000, 0x00000007a5d00000, 0x00000007c0000000)
  eden space 666624K, 0% used [0x000000076ab00000,0x000000076ab00000,0x0000000793600000)
  from space 135680K, 83% used [0x000000079d680000,0x00000007a44819d0,0x00000007a5b00000)
  to   space 151040K, 0% used [0x0000000793600000,0x0000000793600000,0x000000079c980000)
 ParOldGen       total 500736K, used 307175K [0x00000006c0000000, 0x00000006de900000, 0x000000076ab00000)
  object space 500736K, 61% used [0x00000006c0000000,0x00000006d2bf9f20,0x00000006de900000)
 Metaspace       used 6594K, capacity 7320K, committed 7680K, reserved 1056768K
  class space    used 616K, capacity 656K, committed 768K, reserved 1048576K
}
Event: 18.710 GC heap before
{Heap before GC invocations=16 (full 3):
 PSYoungGen      total 802304K, used 779270K [0x000000076ab00000, 0x00000007a5d00000, 0x00000007c0000000)
  eden space 666624K, 100% used [0x000000076ab00000,0x0000000793600000,0x0000000793600000)
  from space 135680K, 83% used [0x000000079d680000,0x00000007a44819d0,0x00000007a5b00000)
  to   space 151040K, 0% used [0x0000000793600000,0x0000000793600000,0x000000079c980000)
 ParOldGen       total 500736K, used 307175K [0x00000006c0000000, 0x00000006de900000, 0x000000076ab00000)
  object space 500736K, 61% used [0x00000006c0000000,0x00000006d2bf9f20,0x00000006de900000)
 Metaspace       used 6605K, capacity 7384K, committed 7680K, reserved 1056768K
  class space    used 617K, capacity 656K, committed 768K, reserved 1048576K
Event: 19.021 GC heap after
Heap after GC invocations=16 (full 3):
 PSYoungGen      total 817664K, used 151027K [0x000000076ab00000, 0x00000007b3900000, 0x00000007c0000000)
  eden space 666624K, 0% used [0x000000076ab00000,0x000000076ab00000,0x0000000793600000)
  from space 151040K, 99% used [0x0000000793600000,0x000000079c97cf18,0x000000079c980000)
  to   space 199680K, 0% used [0x00000007a7600000,0x00000007a7600000,0x00000007b3900000)
 ParOldGen       total 500736K, used 368617K [0x00000006c0000000, 0x00000006de900000, 0x000000076ab00000)
  object space 500736K, 73% used [0x00000006c0000000,0x00000006d67fa620,0x00000006de900000)
 Metaspace       used 6605K, capacity 7384K, committed 7680K, reserved 1056768K
  class space    used 617K, capacity 656K, committed 768K, reserved 1048576K
}
Event: 20.490 GC heap before
{Heap before GC invocations=17 (full 3):
 PSYoungGen      total 817664K, used 817651K [0x000000076ab00000, 0x00000007b3900000, 0x00000007c0000000)
  eden space 666624K, 100% used [0x000000076ab00000,0x0000000793600000,0x0000000793600000)
  from space 151040K, 99% used [0x0000000793600000,0x000000079c97cf18,0x000000079c980000)
  to   space 199680K, 0% used [0x00000007a7600000,0x00000007a7600000,0x00000007b3900000)
 ParOldGen       total 500736K, used 368617K [0x00000006c0000000, 0x00000006de900000, 0x000000076ab00000)
  object space 500736K, 73% used [0x00000006c0000000,0x00000006d67fa620,0x00000006de900000)
 Metaspace       used 6606K, capacity 7384K, committed 7680K, reserved 1056768K
  class space    used 617K, capacity 656K, committed 768K, reserved 1048576K
Event: 20.885 GC heap after
Heap after GC invocations=17 (full 3):
 PSYoungGen      total 886784K, used 199679K [0x000000076ab00000, 0x00000007c0000000, 0x00000007c0000000)
  eden space 687104K, 0% used [0x000000076ab00000,0x000000076ab00000,0x0000000794a00000)
  from space 199680K, 99% used [0x00000007a7600000,0x00000007b38fffb8,0x00000007b3900000)
  to   space 307200K, 0% used [0x0000000794a00000,0x0000000794a00000,0x00000007a7600000)
 ParOldGen       total 564224K, used 564194K [0x00000006c0000000, 0x00000006e2700000, 0x000000076ab00000)
  object space 564224K, 99% used [0x00000006c0000000,0x00000006e26f8958,0x00000006e2700000)
 Metaspace       used 6606K, capacity 7384K, committed 7680K, reserved 1056768K
  class space    used 617K, capacity 656K, committed 768K, reserved 1048576K
}
Event: 20.885 GC heap before
{Heap before GC invocations=18 (full 4):
 PSYoungGen      total 886784K, used 199679K [0x000000076ab00000, 0x00000007c0000000, 0x00000007c0000000)
  eden space 687104K, 0% used [0x000000076ab00000,0x000000076ab00000,0x0000000794a00000)
  from space 199680K, 99% used [0x00000007a7600000,0x00000007b38fffb8,0x00000007b3900000)
  to   space 307200K, 0% used [0x0000000794a00000,0x0000000794a00000,0x00000007a7600000)
 ParOldGen       total 564224K, used 564194K [0x00000006c0000000, 0x00000006e2700000, 0x000000076ab00000)
  object space 564224K, 99% used [0x00000006c0000000,0x00000006e26f8958,0x00000006e2700000)
 Metaspace       used 6606K, capacity 7384K, committed 7680K, reserved 1056768K
  class space    used 617K, capacity 656K, committed 768K, reserved 1048576K
Event: 23.736 GC heap after
Heap after GC invocations=18 (full 4):
 PSYoungGen      total 886784K, used 189084K [0x000000076ab00000, 0x00000007c0000000, 0x00000007c0000000)
  eden space 687104K, 0% used [0x000000076ab00000,0x000000076ab00000,0x0000000794a00000)
  from space 199680K, 94% used [0x00000007a7600000,0x00000007b2ea7218,0x00000007b3900000)
  to   space 307200K, 0% used [0x0000000794a00000,0x0000000794a00000,0x00000007a7600000)
 ParOldGen       total 877056K, used 564050K [0x00000006c0000000, 0x00000006f5880000, 0x000000076ab00000)
  object space 877056K, 64% used [0x00000006c0000000,0x00000006e26d4970,0x00000006f5880000)
 Metaspace       used 6606K, capacity 7384K, committed 7680K, reserved 1056768K
  class space    used 617K, capacity 656K, committed 768K, reserved 1048576K
}
Event: 25.321 GC heap before
{Heap before GC invocations=19 (full 4):
 PSYoungGen      total 886784K, used 876188K [0x000000076ab00000, 0x00000007c0000000, 0x00000007c0000000)
  eden space 687104K, 100% used [0x000000076ab00000,0x0000000794a00000,0x0000000794a00000)
  from space 199680K, 94% used [0x00000007a7600000,0x00000007b2ea7218,0x00000007b3900000)
  to   space 307200K, 0% used [0x0000000794a00000,0x0000000794a00000,0x00000007a7600000)
 ParOldGen       total 877056K, used 564050K [0x00000006c0000000, 0x00000006f5880000, 0x000000076ab00000)
  object space 877056K, 64% used [0x00000006c0000000,0x00000006e26d4970,0x00000006f5880000)
 Metaspace       used 6606K, capacity 7384K, committed 7680K, reserved 1056768K
  class space    used 617K, capacity 656K, committed 768K, reserved 1048576K
Event: 25.975 GC heap after
Heap after GC invocations=19 (full 4):
 PSYoungGen      total 886784K, used 876188K [0x000000076ab00000, 0x00000007c0000000, 0x00000007c0000000)
  eden space 687104K, 100% used [0x000000076ab00000,0x0000000794a00000,0x0000000794a00000)
  from space 199680K, 94% used [0x00000007a7600000,0x00000007b2ea7218,0x00000007b3900000)
  to   space 307200K, 61% used [0x0000000794a00000,0x00000007a02a8d98,0x00000007a7600000)
 ParOldGen       total 2796544K, used 686367K [0x00000006c0000000, 0x000000076ab00000, 0x000000076ab00000)
  object space 2796544K, 24% used [0x00000006c0000000,0x00000006e9e47c70,0x000000076ab00000)
 Metaspace       used 6606K, capacity 7384K, committed 7680K, reserved 1056768K
  class space    used 617K, capacity 656K, committed 768K, reserved 1048576K
}
Event: 25.975 GC heap before
{Heap before GC invocations=20 (full 5):
 PSYoungGen      total 886784K, used 876188K [0x000000076ab00000, 0x00000007c0000000, 0x00000007c0000000)
  eden space 687104K, 100% used [0x000000076ab00000,0x0000000794a00000,0x0000000794a00000)
  from space 199680K, 94% used [0x00000007a7600000,0x00000007b2ea7218,0x00000007b3900000)
  to   space 307200K, 61% used [0x0000000794a00000,0x00000007a02a8d98,0x00000007a7600000)
 ParOldGen       total 2796544K, used 686367K [0x00000006c0000000, 0x000000076ab00000, 0x000000076ab00000)
  object space 2796544K, 24% used [0x00000006c0000000,0x00000006e9e47c70,0x000000076ab00000)
 Metaspace       used 6606K, capacity 7384K, committed 7680K, reserved 1056768K
  class space    used 617K, capacity 656K, committed 768K, reserved 1048576K

